------------------------------
  Elements     Atomic Weight  
------------------------------
  1.	HE         4.00299978
  2.	AR        39.94800186
  3.	N         14.00699997
  4.	O         15.99899960
  5.	H          1.00800002
  6.	C         12.01099968
------------------------------


------------------------------------------------------------------------------------------------------------------------------
                                                Molecular        Temperature        Elements
  Species                  Phase  Charge         weight         Low      High      HE      AR       N       O       H       C
------------------------------------------------------------------------------------------------------------------------------
    1. HE                    G      0            4.003000    300.00   3500.00       1       0       0       0       0       0
    2. AR                    G      0           39.948002    300.00   3500.00       0       1       0       0       0       0
    3. N2                    G      0           28.014000    300.00   3500.00       0       0       2       0       0       0
    4. NO                    G      0           30.006000    300.00   3500.00       0       0       1       1       0       0
    5. N2O                   G      0           44.013000    300.00   3500.00       0       0       2       1       0       0
    6. O2                    G      0           31.997999    300.00   3500.00       0       0       0       2       0       0
    7. NO2                   G      0           46.004999    300.00   3500.00       0       0       1       2       0       0
    8. HNO                   G      0           31.014000    300.00   3500.00       0       0       1       1       1       0
    9. HNNO                  G      0           45.021000    300.00   3500.00       0       0       2       1       1       0
   10. HONO                  G      0           47.012999    300.00   3500.00       0       0       1       2       1       0
   11. HNO2                  G      0           47.012999    300.00   3500.00       0       0       1       2       1       0
   12. HONO2                 G      0           63.011999    300.00   3500.00       0       0       1       3       1       0
   13. H2                    G      0            2.016000    300.00   3500.00       0       0       0       0       2       0
   14. N2H2                  G      0           30.030000    300.00   3500.00       0       0       2       0       2       0
   15. H2O                   G      0           18.015000    300.00   3500.00       0       0       0       1       2       0
   16. H2O2                  G      0           34.013999    300.00   3500.00       0       0       0       2       2       0
   17. NH3                   G      0           17.031000    300.00   3500.00       0       0       1       0       3       0
   18. N2H4                  G      0           32.046000    300.00   3500.00       0       0       2       0       4       0
   19. CO                    G      0           28.009999    300.00   3500.00       0       0       0       1       0       1
   20. CO2                   G      0           44.008999    300.00   3500.00       0       0       0       2       0       1
   21. N                     G      0           14.007000    300.00   3500.00       0       0       1       0       0       0
   22. O                     G      0           15.999000    300.00   3500.00       0       0       0       1       0       0
   23. NO3                   G      0           62.003999    300.00   3500.00       0       0       1       3       0       0
   24. H                     G      0            1.008000    300.00   3500.00       0       0       0       0       1       0
   25. NH                    G      0           15.015000    300.00   3500.00       0       0       1       0       1       0
   26. NNH                   G      0           29.022000    300.00   3500.00       0       0       2       0       1       0
   27. OH                    G      0           17.007000    300.00   3500.00       0       0       0       1       1       0
   28. HO2                   G      0           33.005999    300.00   3500.00       0       0       0       2       1       0
   29. NH2                   G      0           16.023000    300.00   3500.00       0       0       1       0       2       0
   30. H2NO                  G      0           32.022000    300.00   3500.00       0       0       1       1       2       0
   31. N2H3                  G      0           31.038000    300.00   3500.00       0       0       2       0       3       0
   32. HCO                   G      0           29.017999    300.00   3500.00       0       0       0       1       1       1
------------------------------------------------------------------------------------------------------------------------------

------------------------------------------------------------------------------------------------------------------
  Species                  Shape       eps/kb          sigma             mu           alfa        zRot298         
------------------------------------------------------------------------------------------------------------------
    1. HE                    0        10.2000         2.5760         0.0000         0.0000         0.0000
    2. AR                    0       136.5000         3.3300         0.0000         0.0000         0.0000
    3. N2                    1        97.5300         3.6210         0.0000         1.7600         4.0000
    4. NO                    1        97.5000         3.6210         0.0000         1.7600         4.0000
    5. N2O                   1       232.4000         3.8280         0.0000         0.0000         1.0000
    6. O2                    1       107.4000         3.4580         0.0000         1.6000         3.8000
    7. NO2                   2       200.0000         3.5000         0.0000         0.0000         1.0000
    8. HNO                   2       116.7000         3.4920         0.0000         0.0000         1.0000
    9. HNNO                  2       232.4000         3.8280         0.0000         0.0000         1.0000
   10. HONO                  2       200.0000         3.5000         0.0000         0.0000         1.0000
   11. HNO2                  2       200.0000         3.5000         0.0000         0.0000         1.0000
   12. HONO2                 2       300.0000         3.5000         0.0000         0.0000         1.0000
   13. H2                    1        38.0000         2.9200         0.0000         0.7900       280.0000
   14. N2H2                  2        71.4000         3.7980         0.0000         0.0000         1.0000
   15. H2O                   2       572.4000         2.6050         1.8440         0.0000         4.0000
   16. H2O2                  2       107.4000         3.4580         0.0000         0.0000         3.8000
   17. NH3                   2       481.0000         2.9200         1.4700         0.0000        10.0000
   18. N2H4                  2       205.0000         4.2300         0.0000         4.2600         1.5000
   19. CO                    1        98.1000         3.6500         0.0000         1.9500         1.8000
   20. CO2                   1       244.0000         3.7630         0.0000         2.6500         2.1000
   21. N                     0        71.4000         3.2980         0.0000         0.0000         0.0000
   22. O                     0        80.0000         2.7500         0.0000         0.0000         0.0000
   23. NO3                   2       300.0000         3.5000         0.0000         0.0000         1.0000
   24. H                     0       145.0000         2.0500         0.0000         0.0000         0.0000
   25. NH                    1        80.0000         2.6500         0.0000         0.0000         4.0000
   26. NNH                   2        71.4000         3.7980         0.0000         0.0000         1.0000
   27. OH                    1        80.0000         2.7500         0.0000         0.0000         0.0000
   28. HO2                   2       107.4000         3.4580         0.0000         0.0000         1.0000
   29. NH2                   2        80.0000         2.6500         0.0000         2.2600         4.0000
   30. H2NO                  2       116.7000         3.4920         0.0000         0.0000         1.0000
   31. N2H3                  2       200.0000         3.9000         0.0000         0.0000         1.0000
   32. HCO                   2       498.0000         3.5900         0.0000         0.0000         0.0000
------------------------------------------------------------------------------------------------------------------


---------------------------------------------------------------------------------------
                                  CHEMICAL REACTIONS                                 

                         Units: [kmol, m3, s] and [cal/mol]                          
---------------------------------------------------------------------------------------


      1. O2 + H  = O + OH 
         k:       9.600000e+011	   -0.20      16625.00


      2. H2 + O  = H + OH 
         k:       4.330000e+010	    0.00      10000.00


      3. O2 + H (+M)  = HO2 (+M) 
         Fall-off (Troe)
         k0:      8.400000e+011	   -0.80          0.00
         kInf:    5.580000e+009	    0.40          0.00
         Troe Parameters
         a    5.00e-001
         T*** 1.00e-030
         T*   1.00e+030
         T**  0.00e+000
         H2O                 	enhanced by	  18.000
         H2                  	enhanced by	   2.500
         N2                  	enhanced by	   1.260
         AR                  	enhanced by	   0.800
         HE                  	enhanced by	   0.800
         CO                  	enhanced by	   1.200
         CO2                 	enhanced by	   2.400


      4. OH + HO2  = O2 + H2O 
         k:       5.000000e+010	    0.00       1000.00


      5. H + HO2  = 2OH 
         k:       2.500000e+011	    0.00       1900.00


      6. O + HO2  = O2 + OH 
         k:       3.250000e+010	    0.00          0.00


      7. 2OH  = H2O + O 
         k:       3.570000e+001	    2.40      -2110.00


      8. H2 +M  = 2H +M 
         k:       1.115000e+011	    0.00      96081.00
         H2                  	enhanced by	   2.500
         H2O                 	enhanced by	  12.000
         AR                  	enhanced by	   0.500
         CO                  	enhanced by	   1.900
         CO2                 	enhanced by	   3.800


      9. O2 +M  = 2O +M 
         k:       1.550000e+011	    0.00     115120.00
         H2                  	enhanced by	   2.500
         H2O                 	enhanced by	  12.000
         AR                  	enhanced by	   0.200
         HE                  	enhanced by	   0.200
         CO                  	enhanced by	   1.900
         CO2                 	enhanced by	   3.800


     10. H + OH +M  = H2O +M 
         k:       4.500000e+016	   -2.00          0.00
         H2O                 	enhanced by	  16.000
         H2                  	enhanced by	   2.000
         CO2                 	enhanced by	   1.900


     11. H + HO2  = O2 + H2 
         k:       2.500000e+010	    0.00        700.00


     12. 2HO2  = O2 + H2O2 
         k:       2.110000e+009	    0.00          0.00


     13. 2OH (+M)  = H2O2 (+M) 
         Fall-off (Troe)
         k0:      1.300000e+012	   -0.90      -1700.00
         kInf:    7.400000e+010	   -0.37          0.00
         Troe Parameters
         a    7.35e-001
         T*** 9.40e+001
         T*   1.76e+003
         T**  5.18e+003
         H2                  	enhanced by	   2.000
         H2O                 	enhanced by	   6.000
         CO                  	enhanced by	   1.500
         CO2                 	enhanced by	   2.000
         AR                  	enhanced by	   0.700
         HE                  	enhanced by	   0.700
         N2                  	enhanced by	   0.900


     14. O + OH +M  = HO2 +M 
         k:       1.000000e+010	    0.00          0.00


     15. O2 + CO  = CO2 + O 
         k:       2.530000e+009	    0.00      47700.00


     16. O2 + HCO  = CO + HO2 
         k:       3.000000e+009	    0.00          0.00


     17. CO + O (+M)  = CO2 (+M) 
         Fall-off (Lindemann)
         k0:      2.070000e+020	   -3.34       7610.00
         kInf:    9.640000e+007	    0.00       3800.00
         H2O                 	enhanced by	  12.000
         H2                  	enhanced by	   2.000
         CO                  	enhanced by	   1.500
         CO2                 	enhanced by	   2.000
         AR                  	enhanced by	   0.500


     18. CO + OH  = CO2 + H 
         k:       9.600000e+008	    0.14       7352.00


     19. CO + OH  = CO2 + H 
         k:       7.320000e+007	    0.03        -16.00


     20. CO + HO2  = CO2 + OH 
         k:       3.000000e+010	    0.00      23000.00


     21. H2O + CO  = H2 + CO2 
         k:       2.000000e+008	    0.00      38000.00


     22. HCO +M  = CO + H +M 
         k:       1.200000e+014	   -1.00      17000.00
         H2O                 	enhanced by	   5.000
         CO2                 	enhanced by	   3.000
         H2                  	enhanced by	   1.900
         CO                  	enhanced by	   1.900


     23. O + HCO  = CO2 + H 
         k:       3.000000e+010	    0.00          0.00


     24. H + HCO  = H2 + CO 
         k:       5.000000e+010	    0.00          0.00


     25. OH + HCO  = H2O + CO 
         k:       5.000000e+010	    0.00          0.00


     26. HO2 + HCO  = H2O2 + CO 
         k:       4.000000e+008	    0.00          0.00


     27. HO2 + HCO  => CO2 + H + OH 
         k:       3.000000e+010	    0.00          0.00


     28. H2O + H  = H2 + OH 
         k:       4.800000e+007	    1.00      19000.00


     29. H2O2 + H  = H2O + OH 
         k:       2.410000e+010	    0.00       3970.00


     30. H2O2 + H  = H2 + HO2 
         k:       6.025000e+010	    0.00       7950.00


     31. NH3 +M  = H + NH2 +M 
         k:       2.200000e+013	    0.00      93470.00


     32. H + NH2  = H2 + NH 
         k:       4.000000e+010	    0.00       3650.00


     33. O + NH2  = HNO + H 
         k:       6.600000e+011	   -0.50          0.00


     34. O + NH2  = NH + OH 
         k:       6.800000e+009	    0.00          0.00


     35. O + NH2  = NO + H2 
         k:       1.300000e+005	    1.02       -627.00


     36. O2 + NH2  = HNO + OH 
         k:       4.500000e+009	    0.00      25000.00


     37. OH + NH2  = H2O + NH 
         k:       4.000000e+003	    2.00       1000.00


     38. HO2 + NH2  = OH + H2NO 
         k:       5.000000e+010	    0.00          0.00


     39. O + H2NO  = O2 + NH2 
         k:       2.000000e+011	    0.00          0.00


     40. N + NH2  = N2 + 2H 
         k:       7.000000e+010	    0.00          0.00


     41. NH + NH2  = N2H2 + H 
         k:       5.000000e+010	    0.00          0.00


     42. 2NH2  = H2 + N2H2 
         k:       8.500000e+008	    0.00          0.00


     43. 2NH2  = NH3 + NH 
         k:       5.000000e+010	    0.00      10000.00


     44. 2NH2 (+M)  = N2H4 (+M) 
         Fall-off (Lindemann)
         k0:      1.000000e+012	    0.00          0.00
         kInf:    1.500000e+010	    0.00          0.00
         N2                  	enhanced by	   2.500
         H2O                 	enhanced by	   5.000
         NH3                 	enhanced by	  10.000


     45. NO + NH2  = NNH + OH 
         k:       8.900000e+009	   -0.35          0.00


     46. NO + NH2  = N2 + H2O 
         k:       1.720000e+016	   -2.29       1058.00


     47. NO2 + NH2  = N2O + H2O 
         k:       3.200000e+015	   -2.20          0.00


     48. NO2 + NH2  = NO + H2NO 
         k:       3.500000e+009	    0.00          0.00


     49. H + NH  = H2 + N 
         k:       3.000000e+010	    0.00          0.00


     50. O + NH  = NO + H 
         k:       9.200000e+010	    0.00          0.00


     51. NH + OH  = HNO + H 
         k:       2.000000e+010	    0.00          0.00


     52. NH + OH  = H2O + N 
         k:       5.000000e+008	    0.50       2000.00


     53. NH + OH  = NO + H2 
         k:       2.000000e+010	    0.00          0.00


     54. O2 + NH  = HNO + O 
         k:       4.600000e+002	    2.00       6500.00


     55. O2 + NH  = NO + OH 
         k:       1.300000e+003	    1.50        100.00


     56. 2NH  = N2 + 2H 
         k:       2.500000e+010	    0.00          0.00


     57. N + NH  = N2 + H 
         k:       3.000000e+010	    0.00          0.00


     58. NO + NH  = N2 + OH 
         k:       2.200000e+010	   -0.23          0.00


     59. NO2 + NH  = N2O + OH 
         k:       1.000000e+010	    0.00          0.00


     60. N + OH  = NO + H 
         k:       3.800000e+010	    0.00          0.00


     61. O2 + N  = NO + O 
         k:       6.400000e+006	    1.00       6280.00


     62. NO + N  = N2 + O 
         k:       3.300000e+009	    0.30          0.00


     63. N2H4 + H  = H2 + N2H3 
         k:       1.300000e+010	    0.00       2500.00


     64. N2H4 + O  = N2H2 + H2O 
         k:       8.500000e+010	    0.00       1200.00


     65. N2H4 + OH  = H2O + N2H3 
         k:       4.000000e+010	    0.00          0.00


     66. N2H4 + NH2  = NH3 + N2H3 
         k:       3.900000e+009	    0.00       1500.00


     67. N2H3 +M  = N2H2 + H +M 
         k:       3.500000e+013	    0.00      46000.00


     68. H + N2H3  = 2NH2 
         k:       1.600000e+009	    0.00          0.00


     69. O + N2H3  = N2H2 + OH 
         k:       5.000000e+009	    0.00       5000.00


     70. O + N2H3  = HNO + NH2 
         k:       1.000000e+010	    0.00          0.00


     71. OH + N2H3  = N2H2 + H2O 
         k:       1.000000e+010	    0.00       1000.00


     72. OH + N2H3  = HNO + NH3 
         k:       1.000000e+009	    0.00      15000.00


     73. NH + N2H3  = N2H2 + NH2 
         k:       2.000000e+010	    0.00          0.00


     74. N2H2 +M  = H + NNH +M 
         k:       5.000000e+013	    0.00      50000.00
         N2                  	enhanced by	   2.000
         H2                  	enhanced by	   2.000
         O2                  	enhanced by	   2.000
         H2O                 	enhanced by	  15.000


     75. N2H2 + H  = H2 + NNH 
         k:       5.000000e+010	    0.00       1000.00


     76. N2H2 + O  = NO + NH2 
         k:       1.000000e+010	    0.00       1000.00


     77. N2H2 + O  = NNH + OH 
         k:       2.000000e+010	    0.00       1000.00


     78. N2H2 + OH  = H2O + NNH 
         k:       1.000000e+010	    0.00       1000.00


     79. NO + N2H2  = N2O + NH2 
         k:       4.000000e+009	    0.00      11922.00


     80. N2H2 + NH  = NNH + NH2 
         k:       1.000000e+010	    0.00       1000.00


     81. N2H2 + NH2  = NH3 + NNH 
         k:       1.000000e+010	    0.00       1000.00


     82. NNH  = N2 + H 
         k:       1.000000e+007	    0.00          0.00


     83. H + NNH  = N2 + H2 
         k:       1.000000e+011	    0.00          0.00


     84. O + NNH  = N2O + H 
         k:       1.000000e+011	    0.00          0.00


     85. O + NNH  = NO + NH 
         k:       5.000000e+010	    0.00          0.00


     86. NNH + OH  = N2 + H2O 
         k:       5.000000e+010	    0.00          0.00


     87. O2 + NNH  = N2 + HO2 
         k:       6.670000e+010	    0.00          0.00


     88. O2 + NNH  = N2 + O2 + H 
         k:       5.000000e+010	    0.00          0.00


     89. NH + NNH  = N2 + NH2 
         k:       5.000000e+010	    0.00          0.00


     90. NNH + NH2  = N2 + NH3 
         k:       5.000000e+010	    0.00          0.00


     91. NO + NNH  = N2 + HNO 
         k:       5.000000e+010	    0.00          0.00


     92. HNNO +M  = N2O + H +M 
         k:       2.200000e+012	    0.00      21600.00


     93. HNNO +M  = N2 + OH +M 
         k:       1.000000e+012	    0.00      25600.00


     94. HNNO + H  = N2O + H2 
         k:       2.000000e+010	    0.00          0.00


     95. HNNO + H  = NNH + OH 
         k:       1.000000e+010	    0.00          0.00


     96. HNNO + O  = N2O + OH 
         k:       2.000000e+010	    0.00          0.00


     97. HNNO + O  = O2 + NNH 
         k:       1.000000e+010	    0.00          0.00


     98. HNNO + OH  = N2O + H2O 
         k:       2.000000e+010	    0.00          0.00


     99. HNNO + OH  = NNH + HO2 
         k:       1.000000e+010	    0.00          0.00


    100. NO + HNNO  = N2O + HNO 
         k:       1.000000e+009	    0.00          0.00


    101. NO + HNNO  = NO2 + NNH 
         k:       3.200000e+009	    0.00        270.00


    102. NO2 + HNNO  = NO3 + NNH 
         k:       1.000000e+010	    0.00          0.00


    103. NO2 + HNNO  = N2O + HONO 
         k:       1.000000e+009	    0.00          0.00


    104. NO + HO2  = NO2 + OH 
         k:       2.100000e+009	    0.00       -480.00


    105. NO + O +M  = NO2 +M 
         k:       7.500000e+013	   -1.41          0.00
         N2                  	enhanced by	   1.700
         O2                  	enhanced by	   1.500
         H2O                 	enhanced by	  10.000


    106. NO + OH (+M)  = HONO (+M) 
         Fall-off (Lindemann)
         k0:      2.330000e+017	   -2.40          0.00
         kInf:    2.000000e+010	    0.00          0.00


    107. NO + HCO  = HNO + CO 
         k:       7.200000e+009	    0.00          0.00


    108. NO + H +M  = HNO +M 
         k:       4.000000e+014	   -1.75          0.00
         N2                  	enhanced by	   1.000
         H2O                 	enhanced by	   4.100
         H2                  	enhanced by	   1.250


    109. HNO + H  = NO + H2 
         k:       4.400000e+008	    0.72        650.00


    110. HNO + O  = NO + OH 
         k:       1.000000e+010	    0.00          0.00


    111. HNO + OH  = NO + H2O 
         k:       3.600000e+010	    0.00          0.00


    112. O2 + HNO  = NO + HO2 
         k:       1.000000e+010	    0.00      25000.00


    113. HNO + NH2  = NO + NH3 
         k:       2.000000e+010	    0.00       1000.00


    114. NO + HNO  = N2O + OH 
         k:       2.000000e+009	    0.00      26000.00


    115. NO2 + HNO  = NO + HONO 
         k:       6.000000e+008	    0.00       2000.00


    116. 2HNO  = N2O + H2O 
         k:       9.000000e+005	    0.00       3100.00


    117. NO2 + H2  = HONO + H 
         k:       3.000000e+010	    0.00      29000.00


    118. HONO + O  = NO2 + OH 
         k:       1.200000e+010	    0.00       6000.00


    119. HONO + OH  = NO2 + H2O 
         k:       4.000000e+009	    0.00          0.00


    120. HONO + NH  = NO2 + NH2 
         k:       1.000000e+010	    0.00          0.00


    121. HONO + NH2  = NO2 + NH3 
         k:       5.000000e+009	    0.00          0.00


    122. 2HONO  = NO + NO2 + H2O 
         k:       1.020000e+010	    0.00       8540.00


    123. H2NO +M  = HNO + H +M 
         k:       1.000000e+013	    0.00      50000.00


    124. H + H2NO  = HNO + H2 
         k:       3.000000e+004	    2.00       2000.00


    125. H + H2NO  = OH + NH2 
         k:       5.000000e+010	    0.00          0.00


    126. O + H2NO  = HNO + OH 
         k:       3.000000e+004	    2.00       2000.00


    127. OH + H2NO  = HNO + H2O 
         k:       2.000000e+004	    2.00       1000.00


    128. NO + H2NO  = 2HNO 
         k:       2.000000e+001	    2.00      13000.00


    129. NH2 + H2NO  = HNO + NH3 
         k:       3.000000e+009	    0.00       1000.00


    130. NO2 + H2NO  = HNO + HONO 
         k:       6.000000e+008	    0.00       2000.00


    131. NO3 + H  = NO2 + OH 
         k:       6.000000e+010	    0.00          0.00


    132. O + NO3  = O2 + NO2 
         k:       1.000000e+010	    0.00          0.00


    133. NO3 + OH  = NO2 + HO2 
         k:       1.400000e+010	    0.00          0.00


    134. NO3 + HO2  = O2 + NO2 + OH 
         k:       1.500000e+009	    0.00          0.00


    135. NO2 + NO3  = NO + O2 + NO2 
         k:       5.000000e+007	    0.00       2940.00


    136. NO3  = NO + O2 
         k:       2.500000e+006	    0.00      12000.00


    137. 2NO3  = O2 + 2NO2 
         k:       5.100000e+008	    0.00       6750.00


    138. NO2 + HCO  = NO + CO2 + H 
         k:       8.400000e+012	   -0.75       1930.00


    139. NO2 + H  = NO + OH 
         k:       1.320000e+011	    0.00        360.00


    140. NO2 + O  = NO + O2 
         k:       3.900000e+009	    0.00       -238.00


    141. NO2 + O +M  = NO3 +M 
         k:       2.940000e+015	   -2.00          0.00


    142. NO2 + HO2  = O2 + HONO 
         k:       6.310000e+005	    1.25       5000.00


    143. 2NO2  = 2NO + O2 
         k:       1.600000e+009	    0.00      26123.00


    144. 2NO2  = NO + NO3 
         k:       9.600000e+006	    0.73      20923.00


    145. 2NO2  = NO + NO3 
         k:       1.600000e+009	    0.00      26123.00


    146. NO2 + CO  = NO + CO2 
         k:       9.040000e+010	    0.00      33800.00


    147. NO2 + HCO  = HONO + CO 
         k:       1.200000e+020	   -3.29       2355.00


    148. CO2 + N  = NO + CO 
         k:       1.900000e+008	    0.00       3400.00


    149. N2O +M  = N2 + O +M 
         k:       4.000000e+011	    0.00      56100.00
         N2                  	enhanced by	   1.700
         O2                  	enhanced by	   1.400
         H2O                 	enhanced by	  12.000
         CO                  	enhanced by	   1.500
         CO2                 	enhanced by	   3.000


    150. N2O + H  = N2 + OH 
         k:       3.300000e+007	    0.00       4729.00


    151. N2O + H  = N2 + OH 
         k:       4.400000e+011	    0.00      19254.00


    152. NO + NH  = N2O + H 
         k:       3.190000e+011	   -0.46          0.00


    153. N2O + O  = 2NO 
         k:       2.900000e+010	    0.00      23150.00


    154. N2O + O  = N2 + O2 
         k:       1.400000e+009	    0.00      10800.00


    155. N2O + OH  = N2 + HO2 
         k:       2.000000e+009	    0.00      40000.00


    156. HNO2 + H  = NO2 + H2 
         k:       2.400000e+005	    1.50       5087.00


    157. HNO2 + O  = NO2 + OH 
         k:       1.700000e+005	    1.50       3020.00


    158. HNO2 + OH  = NO2 + H2O 
         k:       1.200000e+003	    2.00       -596.00


    159. HNO2  = HONO 
         k:       1.300000e+029	   -5.47      52814.00


    160. NO2 + OH (+M)  = HONO2 (+M) 
         Fall-off (Troe)
         k0:      6.420000e+026	   -5.49       2351.00
         kInf:    2.400000e+010	    0.00          0.00
         Troe Parameters
         a    5.25e-001
         T*** 1.00e-015
         T*   1.00e-015
         T**  1.00e+015
         H2O                 	enhanced by	   5.000


    161. HONO2 + OH  = H2O + NO3 
         k:       1.030000e+007	    0.00      -1240.00


    162. H2 + NH2  => NH3 + H 
         k:       1.576000e+002	    2.00       3954.86


    163. H2O + HO2  => H2O2 + OH 
         k:       5.388000e+002	    2.00      28780.05


    164. H2O + NH2  => NH3 + OH 
         k:       1.126000e+002	    2.00       8169.13


    165. NO2 + H2O2  => HONO + HO2 
         k:       6.831000e+002	    2.00      14711.89


    166. H2O2 + OH  => H2O + HO2 
         k:       3.195000e+002	    2.00      -4169.95


    167. H2O2 + O  => OH + HO2 
         k:       1.083000e+003	    2.00      -1657.32


    168. H2O2 + NH2  => NH3 + HO2 
         k:       9.005000e+000	    2.00      -1507.20


    169. O2 + NH3  => HO2 + NH2 
         k:       5.111000e+004	    2.00      60086.33


    170. NH3 + H  => H2 + NH2 
         k:       7.220000e+004	    2.00      15302.86


    171. NH3 + OH  => H2O + NH2 
         k:       1.198000e+004	    2.00       4067.13


    172. NH3 + O  => OH + NH2 
         k:       4.060000e+004	    2.00      13586.66


    173. NH3 + HO2  => H2O2 + NH2 
         k:       1.616000e+003	    2.00      27340.80


