 ----------------------------------------------------------------------------------------------------------------------------------------------------------------------------------------------------------------------------------------------------------
                     SPECIFIC HEAT COEFFICIENTS                                                                     

             Cp = A + B*T + C*T^2 + D*T^3 + E*T^4  [J/kg/K]                                                         

    Species                      Cp(298K)         Cp(1000K)          LT-HT            A(LT)            B(LT)            C(LT)            D(LT)            E(LT)             A(HT)           B(HT)            C(HT)            D(HT)           E(HT)      
 ----------------------------------------------------------------------------------------------------------------------------------------------------------------------------------------------------------------------------------------------------------

    1. HE                      5.192645e+003    5.192645e+003    1.490000e+003    5.192645e+003   -8.463079e-012    1.243176e-014   -7.125866e-018    1.401548e-021    5.192645e+003    1.537721e-011   -1.156854e-014    3.612520e-018   -4.001944e-022
    2. AR                      5.203303e+002    5.203303e+002    1.490000e+003    5.203303e+002   -8.480450e-013    1.245727e-015   -7.140492e-019    1.404425e-022    5.203303e+002    1.540877e-012   -1.159228e-015    3.619935e-019   -4.010159e-023
    3. N2                      1.041476e+003    1.166673e+003    1.050000e+003    1.143621e+003   -7.243422e-001    1.588338e-003   -1.114793e-006    2.738496e-010    8.051735e+002    5.649814e-001   -2.535527e-004    5.466132e-008   -4.591919e-012
    4. NO                      9.931886e+002    1.132057e+003    9.700000e+002    1.084239e+003   -7.237854e-001    1.782381e-003   -1.381988e-006    3.712106e-010    7.475286e+002    6.647112e-001   -3.647787e-004    9.372289e-008   -9.127312e-012
    5. N2O                     8.788713e+002    1.247660e+003    1.650000e+003    5.072628e+002    1.575840e+000   -1.238298e-003    4.735315e-007   -7.067628e-011    1.043023e+003    2.770278e-001   -5.755952e-005   -3.534621e-009    1.606463e-012
    6. O2                      9.161880e+002    1.089452e+003    7.600000e+002    8.991486e+002   -2.299641e-001    1.338923e-003   -1.405004e-006    4.880103e-010    7.321099e+002    6.491870e-001   -3.962440e-004    1.170717e-007   -1.267262e-011
    7. NO2                     7.974863e+002    1.133724e+003    1.800000e+003    4.724443e+002    1.358357e+000   -9.972615e-004    3.469241e-007   -4.674090e-011    9.500476e+002    2.970169e-001   -1.128110e-004    1.934983e-008   -1.244476e-012
    8. HNO                     1.114340e+003    1.544599e+003    9.000000e+002    9.120460e+002    5.539552e-001    6.410171e-004   -8.222014e-007    2.598095e-010    7.310037e+002    1.358588e+000   -7.000372e-004    1.711721e-007   -1.612763e-011
    9. HNNO                    9.929748e+002    1.553924e+003    1.360000e+003    4.235532e+002    2.443605e+000   -2.034069e-003    8.707366e-007   -1.499023e-010    9.021606e+002    1.035936e+000   -4.814928e-004    1.096700e-007   -1.000031e-011
   10. HONO                    9.657365e+002    1.474126e+003    1.420000e+003    4.207072e+002    2.365720e+000   -2.054602e-003    8.961312e-007   -1.538306e-010    1.041217e+003    6.178044e-001   -2.082123e-004    2.928170e-008   -1.216256e-012
   11. HNO2                    7.965534e+002    1.401427e+003    1.800000e+003    2.986909e+002    2.003454e+000   -1.221164e-003    3.633616e-007   -4.291628e-011    5.842556e+002    1.368866e+000   -6.923401e-004    1.675011e-007   -1.571343e-011
   12. HONO2                   8.164729e+002    1.440802e+003    1.310000e+003    1.168693e+002    3.057771e+000   -2.721413e-003    1.198871e-006   -2.112970e-010    6.873947e+002    1.315709e+000   -7.266847e-004    1.837419e-007   -1.757019e-011
   13. H2                      1.432041e+004    1.499044e+004    7.500000e+002    1.273837e+004    1.047428e+001   -2.363155e-002    2.357834e-005   -8.201704e-009    1.538798e+004   -3.656987e+000    4.630978e-003   -1.543907e-006    1.723781e-010
   14. N2H2                    1.210830e+003    2.065760e+003    9.300000e+002    6.776322e+002    1.904043e+000   -2.829259e-004   -3.899897e-007    1.570055e-010    5.395473e+002    2.497956e+000   -1.240851e-003    2.966948e-007   -2.758716e-011
   15. H2O                     1.867869e+003    2.290815e+003    1.590000e+003    1.862416e+003   -3.173295e-001    1.322880e-003   -6.948443e-007    1.176933e-010    1.065859e+003    1.686587e+000   -5.676074e-004    9.781282e-008   -6.938341e-012
   16. H2O2                    1.276235e+003    1.870722e+003    1.180000e+003    7.135183e+002    2.425839e+000   -2.093740e-003    1.035797e-006   -2.106923e-010    1.115056e+003    1.064695e+000   -3.634727e-004    5.824461e-008   -3.583778e-012
   17. NH3                     2.091682e+003    3.317520e+003    1.210000e+003    1.570473e+003    1.560838e+000    8.846955e-004   -9.138467e-007    2.153595e-010    1.079489e+003    3.183927e+000   -1.127398e-003    1.947448e-007   -1.368831e-011
   18. N2H4                    1.587189e+003    3.008057e+003    1.160000e+003    9.351387e+001    6.598329e+000   -6.215603e-003    3.196173e-006   -6.643553e-010    1.276291e+003    2.519786e+000   -9.416243e-004    1.651505e-007   -1.111783e-011
   19. CO                      1.041247e+003    1.183976e+003    1.000000e+003    1.133602e+003   -7.144838e-001    1.707498e-003   -1.272341e-006    3.297004e-010    7.972949e+002    6.307426e-001   -3.103411e-004    7.288553e-008   -6.606183e-012
   20. CO2                     8.450501e+002    1.234970e+003    1.620000e+003    4.626672e+002    1.614558e+000   -1.247991e-003    4.775475e-007   -7.181080e-011    9.594268e+002    3.879907e-001   -1.122811e-004    1.017700e-008    3.142731e-013
   21. N                       1.484248e+003    1.484318e+003    1.800000e+003    1.487044e+003   -1.561046e-002    2.526023e-005   -1.556217e-008    3.186977e-012    1.445897e+003    7.582761e-002   -5.093817e-005    1.265946e-008   -7.326931e-013
   22. O                       1.368815e+003    1.307883e+003    9.500000e+002    1.534116e+003   -8.754592e-001    1.329866e-003   -9.228303e-007    2.421920e-010    1.337248e+003   -4.654363e-002    2.105230e-005   -4.364392e-009    4.903875e-013
   23. NO3                     7.567636e+002    1.234995e+003    1.330000e+003    5.451548e+001    3.232824e+000   -3.410429e-003    1.669558e-006   -3.114733e-010    1.027698e+003    3.059605e-001   -1.094544e-004    1.493394e-008   -4.538193e-013
   24. H                       2.062119e+004    2.062119e+004    1.490000e+003    2.062119e+004   -3.360883e-011    4.936937e-014   -2.829845e-017    5.565870e-021    2.062119e+004    6.106644e-011   -4.594131e-014    1.434615e-017   -1.589264e-021
   25. NH                      1.947905e+003    2.081189e+003    1.550000e+003    2.076582e+003   -7.671644e-001    1.308458e-003   -6.473029e-007    1.106166e-010    1.404801e+003    9.664639e-001   -3.692464e-004    7.429062e-008   -5.769458e-012
   26. NNH                     1.198173e+003    1.656356e+003    7.200000e+002    1.136853e+003   -5.230496e-001    3.441715e-003   -3.746242e-006    1.355551e-009    7.664710e+002    1.534628e+000   -8.451130e-004    2.230429e-007   -2.267308e-011
   27. OH                      1.708917e+003    1.807650e+003    8.800000e+002    1.652406e+003    2.999017e-001   -5.204874e-004    5.597203e-007   -1.839322e-010    1.772395e+003   -2.455009e-001    4.091762e-004   -1.445703e-007    1.615033e-011
   28. HO2                     1.048587e+003    1.441406e+003    1.540000e+003    7.185447e+002    1.360949e+000   -9.585967e-004    3.810560e-007   -6.054705e-011    1.048737e+003    5.033070e-001   -1.232312e-004    1.942593e-008   -1.840870e-012
   29. NH2                     2.099102e+003    2.659246e+003    1.120000e+003    2.170660e+003   -9.831407e-001    3.071388e-003   -2.084138e-006    4.844771e-010    1.389053e+003    1.808312e+000   -6.671642e-004    1.411905e-007   -1.224801e-011
   30. H2NO                    1.106911e+003    1.943844e+003    1.200000e+003    7.242527e+002    1.167294e+000    5.864947e-004   -7.032875e-007    1.690905e-010    3.723510e+002    2.340299e+000   -8.797624e-004    1.112998e-007   -6.152008e-013
   31. N2H3                    1.411981e+003    2.552159e+003    1.610000e+003    4.591873e+002    3.888863e+000   -2.583991e-003    9.240296e-007   -1.359309e-010    1.358050e+003    1.655665e+000   -5.033708e-004    6.248936e-008   -2.151372e-012
   32. HCO                     1.190656e+003    1.654761e+003    9.200000e+002    1.072241e+003    7.903698e-003    1.765867e-003   -1.688158e-006    4.969283e-010    7.013399e+002    1.620517e+000   -8.633928e-004    2.171028e-007   -2.080563e-011

 ----------------------------------------------------------------------------------------------------------------------------------------------------------------------------------------------------------------------------------------------------------


 -------------------------------------------------------------------------------------------------------------------------------------------------------------------------------------------------------------------------------------------------------------------------------------------
                           ENTHALPY COEFFICIENTS                                                                     

             H/(RT) = A + B*T + C*T^2 + D*T^3 + E*T^4 + F/T  [-]                                                         

    Species                   H(298K)[J/kmol]  H(1000K)[J/kmol]      LT-HT            A(LT)            B(LT)            C(LT)            D(LT)            E(LT)           F(LT)             A(HT)            B(HT)            C(HT)           D(HT)             E(HT)            F(HT)      
 -------------------------------------------------------------------------------------------------------------------------------------------------------------------------------------------------------------------------------------------------------------------------------------------

    1. HE                     -3.117923e+003    1.458876e+007    1.490000e+003    2.500000e+000   -2.037276e-015    1.995091e-018   -8.576875e-022    1.349551e-025   -7.453750e+002    2.500000e+000    3.701681e-015   -1.856558e-018    4.348122e-022   -3.853474e-026   -7.453750e+002
    2. AR                     -3.117923e+003    1.458876e+007    1.490000e+003    2.500000e+000   -2.037276e-015    1.995091e-018   -8.576875e-022    1.349551e-025   -7.453750e+002    2.500000e+000    3.701681e-015   -1.856558e-018    4.348122e-022   -3.853474e-026   -7.453750e+002
    3. N2                      3.604168e+003    2.147322e+007    1.050000e+003    3.853213e+000   -1.220267e-003    1.783868e-006   -9.390210e-010    1.845369e-013   -1.079696e+003    2.712879e+000    9.517988e-004   -2.847659e-007    4.604273e-011   -3.094320e-015   -8.402253e+002
    4. NO                      9.029844e+007    1.125353e+008    9.700000e+002    3.912902e+000   -1.306032e-003    2.144141e-006   -1.246862e-009    2.679318e-013    9.762804e+003    2.697750e+000    1.199436e-003   -4.388157e-007    8.455895e-011   -6.587898e-015    9.998543e+003
    5. N2O                     8.203511e+007    1.161695e+008    1.650000e+003    2.685220e+000    4.170893e-003   -2.184997e-006    6.266653e-010   -7.482565e-014    8.749026e+003    5.521291e+000    7.332298e-004   -1.015647e-007   -4.677671e-012    1.700778e-015    7.813123e+003
    6. O2                     -1.547415e+004    2.269478e+007    7.600000e+002    3.460351e+000   -4.425056e-004    1.717604e-006   -1.351781e-009    3.756191e-013   -1.029426e+003    2.817506e+000    1.249190e-003   -5.083117e-007    1.126369e-010   -9.754056e-015   -9.317134e+002
    7. NO2                     3.303085e+007    6.540081e+007    1.800000e+003    2.614096e+000    3.757984e-003   -1.839326e-006    4.798940e-010   -5.172470e-014    2.904986e+003    5.256737e+000    8.217165e-004   -2.080660e-007    2.676629e-011   -1.377170e-015    1.953636e+003
    8. HNO                     9.957770e+007    1.289965e+008    9.000000e+002    3.402048e+000    1.033162e-003    7.970250e-007   -7.667289e-010    1.938245e-013    1.085538e+004    2.726737e+000    2.533852e-003   -8.704092e-007    1.596234e-010   -1.203162e-014    1.097694e+004
    9. HNNO                    2.309782e+008    2.731454e+008    1.360000e+003    2.293448e+000    6.615795e-003   -3.671346e-006    1.178712e-009   -1.623376e-013    2.659758e+004    4.885003e+000    2.804685e-003   -8.690594e-007    1.484598e-010   -1.082990e-014    2.589267e+004
   10. HONO                   -7.676118e+007   -3.454433e+007    1.420000e+003    2.378832e+000    6.688321e-003   -3.872489e-006    1.266763e-009   -1.739629e-013   -1.044219e+004    5.887421e+000    1.746646e-003   -3.924360e-007    4.139234e-011   -1.375430e-015   -1.143863e+004
   11. HNO2                   -5.925234e+007   -2.127857e+007    1.800000e+003    1.688907e+000    5.664130e-003   -2.301635e-006    5.136448e-010   -4.853286e-014   -8.075738e+003    3.303594e+000    3.870033e-003   -1.304914e-006    2.367780e-010   -1.776989e-014   -8.657025e+003
   12. HONO2                  -1.262590e+008   -7.287407e+007    1.310000e+003    8.857060e-001    1.158682e-002   -6.874834e-006    2.271441e-009   -3.202672e-013   -1.631360e+004    5.209491e+000    4.985617e-003   -1.835751e-006    3.481267e-010   -2.663149e-014   -1.744643e+004
   13. H2                      6.914890e+003    2.068889e+007    7.500000e+002    3.088660e+000    1.269844e-003   -1.909973e-006    1.429255e-009   -3.977319e-013   -9.921481e+002    3.731109e+000   -4.433531e-004    3.742897e-007   -9.358745e-011    8.359273e-015   -1.088515e+003
   14. N2H2                    2.129785e+008    2.485929e+008    9.300000e+002    2.447458e+000    3.438491e-003   -3.406219e-007   -3.521392e-010    1.134138e-013    2.459225e+004    1.948726e+000    4.511033e-003   -1.493893e-006    2.678991e-010   -1.992775e-014    2.468502e+004
   15. H2O                    -2.418170e+008   -2.158164e+008    1.590000e+003    4.035309e+000   -3.437799e-004    9.554307e-007   -3.763809e-010    5.100136e-014   -3.027833e+004    2.309405e+000    1.827169e-003   -4.099462e-007    5.298292e-011   -3.006670e-015   -2.972949e+004
   16. H2O2                   -1.361170e+008   -9.728930e+007    1.180000e+003    2.918964e+000    4.961986e-003   -2.855125e-006    1.059347e-009   -1.723861e-013   -1.761400e+004    4.561631e+000    2.177805e-003   -4.956488e-007    5.956886e-011   -2.932207e-015   -1.800167e+004
   17. NH3                    -4.589901e+007   -1.325072e+007    1.210000e+003    3.216892e+000    1.598578e-003    6.040579e-007   -4.679714e-010    8.822670e-014   -6.633478e+003    2.211180e+000    3.260912e-003   -7.697718e-007    9.972678e-011   -5.607713e-015   -6.390096e+003
   18. N2H4                    9.535897e+007    1.503171e+008    1.160000e+003    3.604257e-001    1.271580e-002   -7.985492e-006    3.079710e-009   -5.121181e-013    1.042067e+004    4.919144e+000    4.855940e-003   -1.209751e-006    1.591327e-010   -8.570179e-015    9.363046e+003
   19. CO                     -1.105406e+008   -8.884453e+007    1.000000e+003    3.818909e+000   -1.203487e-003    1.917423e-006   -1.071575e-009    2.221408e-013   -1.436895e+004    2.685950e+000    1.062432e-003   -3.484954e-007    6.138472e-011   -4.451020e-015   -1.414236e+004
   20. CO2                    -3.935777e+008   -3.601524e+008    1.620000e+003    2.448928e+000    4.272981e-003   -2.201900e-006    6.319226e-010   -7.601987e-014   -4.839229e+004    5.078310e+000    1.026830e-003   -1.981038e-007    1.346688e-011    3.326937e-016   -4.924421e+004
   21. N                       4.726302e+008    4.872222e+008    1.800000e+003    2.505156e+000   -1.314912e-005    1.418492e-008   -6.554223e-012    1.073791e-015    5.609866e+004    2.435837e+000    6.387168e-005   -2.860441e-008    5.331704e-012   -2.468670e-016    5.612361e+004
   22. O                       2.491957e+008    2.640601e+008    9.500000e+002    2.952003e+000   -8.422957e-004    8.529928e-007   -4.439362e-010    9.320697e-014    2.914717e+004    2.573184e+000   -4.478050e-005    1.350321e-008   -2.099532e-012    1.887244e-016    2.921914e+004
   23. NO3                     7.109637e+007    1.179939e+008    1.330000e+003    4.065419e-001    1.205418e-002   -8.477606e-006    3.112626e-009   -4.645542e-013    7.560213e+003    7.663919e+000    1.140830e-003   -2.720805e-007    2.784197e-011   -6.768594e-016    5.629750e+003
   24. H                       2.179771e+008    2.325690e+008    1.490000e+003    2.500000e+000   -2.037276e-015    1.995091e-018   -8.576875e-022    1.349551e-025    2.547162e+004    2.500000e+000    3.701681e-015   -1.856558e-018    4.348122e-022   -3.853474e-026    2.547162e+004
   25. NH                      3.565304e+008    3.774669e+008    1.550000e+003    3.750077e+000   -6.927071e-004    7.876438e-007   -2.922394e-010    3.995227e-014    4.180611e+004    2.536915e+000    8.726635e-004   -2.222727e-007    3.354016e-011   -2.083801e-015    4.218219e+004
   26. NNH                     2.450465e+008    2.745756e+008    7.200000e+002    3.968236e+000   -9.128640e-004    4.004487e-006   -3.269106e-009    9.463222e-013    2.828844e+004    2.675401e+000    2.678343e-003   -9.833015e-007    1.946353e-010   -1.582828e-014    2.847461e+004
   27. OH                      3.728329e+007    5.819930e+007    8.800000e+002    3.379951e+000    3.067203e-004   -3.548808e-007    2.862230e-010   -7.524564e-014    3.456997e+003    3.625384e+000   -2.510826e-004    2.789862e-007   -7.392863e-011    6.607010e-015    3.413801e+003
   28. HO2                     1.253037e+007    4.209779e+007    1.540000e+003    2.852414e+000    2.701286e-003   -1.268450e-006    3.781704e-010   -4.807084e-014    4.478511e+002    4.163181e+000    9.989913e-004   -1.630640e-007    1.927883e-011   -1.461544e-015    4.413489e+001
   29. NH2                     1.904022e+008    2.168774e+008    1.120000e+003    4.183131e+000   -9.473170e-004    1.972982e-006   -1.004098e-009    1.867295e-013    2.169294e+004    2.676878e+000    1.742420e-003   -4.285694e-007    6.802291e-011   -4.720686e-015    2.203034e+004
   30. H2NO                    6.646482e+007    1.013646e+008    1.200000e+003    2.789359e+000    2.247835e-003    7.529344e-007   -6.771536e-010    1.302457e-013    6.948144e+003    1.434058e+000    4.506669e-003   -1.129428e-006    1.071640e-010   -4.738722e-016    7.273417e+003
   31. N2H3                    1.538601e+008    1.991021e+008    1.610000e+003    1.714152e+000    7.258589e-003   -3.215357e-006    8.623538e-010   -1.014864e-013    1.742823e+004    5.069618e+000    3.090309e-003   -6.263634e-007    5.831841e-011   -1.606220e-015    1.634777e+004
   32. HCO                     4.351183e+007    7.281420e+007    9.200000e+002    3.742189e+000    1.379220e-005    2.054330e-006   -1.472945e-009    3.468623e-013    4.073310e+003    2.447721e+000    2.827853e-003   -1.004432e-006    1.894256e-010   -1.452259e-014    4.311492e+003

 -------------------------------------------------------------------------------------------------------------------------------------------------------------------------------------------------------------------------------------------------------------------------------------------


 -------------------------------------------------------------------------------------------------------------------------------------------------------------------------------------------------------------------------------------------------------------------------------------------
                             ENTROPY COEFFICIENTS                                                                     

             S/R = A*lnT + B*T + C*T^2 + D*T^3 + E*T^4 + F  [-]                                                         

    Species                 S(298K)[J/kmol/K] S(1000K)[J/kmol/K]     LT-HT            A(LT)            B(LT)            C(LT)            D(LT)            E(LT)           F(LT)             A(HT)            B(HT)            C(HT)           D(HT)             E(HT)            F(HT)      
 -------------------------------------------------------------------------------------------------------------------------------------------------------------------------------------------------------------------------------------------------------------------------------------------

    1. HE                      1.261425e+005    1.513075e+005    1.490000e+003    2.500000e+000   -4.074552e-015    2.992636e-018   -1.143583e-021    1.686939e-025    9.287240e-001    2.500000e+000    7.403362e-015   -2.784837e-018    5.797496e-022   -4.816843e-026    9.287240e-001
    2. AR                      1.547216e+005    1.798866e+005    1.490000e+003    2.500000e+000   -4.074552e-015    2.992636e-018   -1.143583e-021    1.686939e-025    4.366000e+000    2.500000e+000    7.403362e-015   -2.784837e-018    5.797496e-022   -4.816843e-026    4.366000e+000
    3. N2                      1.915097e+005    2.280918e+005    1.050000e+003    3.853213e+000   -2.440533e-003    2.675802e-006   -1.252028e-009    2.306711e-013    1.602174e+000    2.712879e+000    1.903598e-003   -4.271488e-007    6.139031e-011   -3.867900e-015    7.159266e+000
    4. NO                      2.106465e+005    2.484599e+005    9.700000e+002    3.912902e+000   -2.612064e-003    3.216211e-006   -1.662482e-009    3.349148e-013    3.576916e+000    2.697750e+000    2.398871e-003   -6.582235e-007    1.127453e-010   -8.234872e-015    9.402308e+000
    5. N2O                     2.198530e+005    2.767325e+005    1.650000e+003    2.685220e+000    8.341785e-003   -3.277495e-006    8.355538e-010   -9.353206e-014    8.928125e+000    5.521291e+000    1.466460e-003   -1.523470e-007   -6.236895e-012    2.125973e-015   -6.174517e+000
    6. O2                      2.050128e+005    2.434794e+005    7.600000e+002    3.460351e+000   -8.850111e-004    2.576405e-006   -1.802375e-009    4.695239e-013    5.022361e+000    2.817506e+000    2.498380e-003   -7.624676e-007    1.501825e-010   -1.219257e-014    7.947293e+000
    7. NO2                     2.398570e+005    2.937829e+005    1.800000e+003    2.614096e+000    7.515968e-003   -2.758989e-006    6.398587e-010   -6.465587e-014    1.194425e+001    5.256737e+000    1.643433e-003   -3.120990e-007    3.568838e-011   -1.721462e-015   -2.358276e+000
    8. HNO                     2.205899e+005    2.696766e+005    9.000000e+002    3.402048e+000    2.066323e-003    1.195538e-006   -1.022305e-009    2.422806e-013    6.452295e+000    2.726737e+000    5.067705e-003   -1.305614e-006    2.128312e-010   -1.503953e-014    9.639128e+000
    9. HNNO                    2.532714e+005    3.229124e+005    1.360000e+003    2.293448e+000    1.323159e-002   -5.507019e-006    1.571616e-009   -2.029220e-013    1.390160e+001    4.885003e+000    5.609369e-003   -1.303589e-006    1.979463e-010   -1.353738e-014    6.019800e-001
   10. HONO                    2.493039e+005    3.191957e+005    1.420000e+003    2.378832e+000    1.337664e-002   -5.808733e-006    1.689017e-009   -2.174536e-013    1.291856e+001    5.887421e+000    3.493291e-003   -5.886540e-007    5.518979e-011   -1.719288e-015   -5.238665e+000
   11. HNO2                    2.373653e+005    2.993731e+005    1.800000e+003    1.688907e+000    1.132826e-002   -3.452452e-006    6.848597e-010   -6.066608e-014    1.583975e+001    3.303594e+000    7.740066e-003   -1.957372e-006    3.157041e-010   -2.221236e-014    7.100725e+000
   12. HONO2                   2.642827e+005    3.515427e+005    1.310000e+003    8.857060e-001    2.317363e-002   -1.031225e-005    3.028588e-009   -4.003340e-013    2.067299e+001    5.209491e+000    9.971234e-003   -2.753627e-006    4.641690e-010   -3.328937e-014   -1.354308e+000
   13. H2                      1.305958e+005    1.661323e+005    7.500000e+002    3.088660e+000    2.539688e-003   -2.864960e-006    1.905673e-009   -4.971649e-013   -2.438235e+000    3.731109e+000   -8.867062e-004    5.614345e-007   -1.247833e-010    1.044909e-014   -5.352859e+000
   14. N2H2                    2.184509e+005    2.767243e+005    9.300000e+002    2.447458e+000    6.876981e-003   -5.109329e-007   -4.695189e-010    1.417673e-013    1.033755e+001    1.948726e+000    9.022066e-003   -2.240840e-006    3.571987e-010   -2.490968e-014    1.270746e+001
   15. H2O                     1.887377e+005    2.326655e+005    1.590000e+003    4.035309e+000   -6.875598e-004    1.433146e-006   -5.018412e-010    6.375170e-014   -1.992016e-001    2.309405e+000    3.654339e-003   -6.149194e-007    7.064389e-011   -3.758337e-015    8.927652e+000
   16. H2O2                    2.328524e+005    2.973680e+005    1.180000e+003    2.918964e+000    9.923973e-003   -4.282687e-006    1.412462e-009   -2.154826e-013    8.763402e+000    4.561631e+000    4.355610e-003   -7.434731e-007    7.942514e-011   -3.665259e-015    5.665971e-001
   17. NH3                     1.926451e+005    2.464110e+005    1.210000e+003    3.216892e+000    3.197157e-003    9.060869e-007   -6.239619e-010    1.102834e-013    3.825368e+000    2.211180e+000    6.521825e-003   -1.154658e-006    1.329690e-010   -7.009641e-015    8.869056e+000
   18. N2H4                    2.386062e+005    3.278813e+005    1.160000e+003    3.604257e-001    2.543160e-002   -1.197824e-005    4.106281e-009   -6.401476e-013    2.002583e+001    4.919144e+000    9.711880e-003   -1.814627e-006    2.121770e-010   -1.071272e-014   -2.643956e+000
   19. CO                      1.975443e+005    2.344519e+005    1.000000e+003    3.818909e+000   -2.406973e-003    2.876135e-006   -1.428766e-009    2.776760e-013    2.499921e+000    2.685950e+000    2.124864e-003   -5.227430e-007    8.184629e-011   -5.563775e-015    7.965794e+000
   20. CO2                     2.137007e+005    2.692457e+005    1.620000e+003    2.448928e+000    8.545961e-003   -3.302851e-006    8.425635e-010   -9.502483e-014    9.475577e+000    5.078310e+000    2.053660e-003   -2.971556e-007    1.795584e-011    4.158671e-016   -4.478153e+000
   21. N                       1.531803e+005    1.783453e+005    1.800000e+003    2.505156e+000   -2.629823e-005    2.127738e-008   -8.738964e-012    1.342239e-015    4.157423e+000    2.435837e+000    1.277434e-004   -4.290662e-008    7.108938e-012   -3.085838e-016    4.532591e+000
   22. O                       1.609353e+005    1.866811e+005    9.500000e+002    2.952003e+000   -1.684591e-003    1.279489e-006   -5.919149e-010    1.165087e-013    2.941365e+000    2.573184e+000   -8.956100e-005    2.025482e-008   -2.799376e-012    2.359055e-016    4.749520e+000
   23. NO3                     2.524997e+005    3.297688e+005    1.330000e+003    4.065419e-001    2.410836e-002   -1.271641e-005    4.150168e-009   -5.806927e-013    2.189236e+001    7.663919e+000    2.281660e-003   -4.081208e-007    3.712262e-011   -8.460743e-016   -1.518994e+001
   24. H                       1.145950e+005    1.397600e+005    1.490000e+003    2.500000e+000   -4.074552e-015    2.992636e-018   -1.143583e-021    1.686939e-025   -4.601176e-001    2.500000e+000    7.403362e-015   -2.784837e-018    5.797496e-022   -4.816843e-026   -4.601176e-001
   25. NH                      1.811682e+005    2.170391e+005    1.550000e+003    3.750077e+000   -1.385414e-003    1.181466e-006   -3.896525e-010    4.994033e-014    7.428472e-001    2.536915e+000    1.745327e-003   -3.334091e-007    4.472022e-011   -2.604751e-015    7.127328e+000
   26. NNH                     2.243336e+005    2.735903e+005    7.200000e+002    3.968236e+000   -1.825728e-003    6.006730e-006   -4.358808e-009    1.182903e-012    4.490392e+000    2.675401e+000    5.356687e-003   -1.474952e-006    2.595137e-010   -1.978535e-014    1.030287e+001
   27. OH                      1.838135e+005    2.196969e+005    8.800000e+002    3.379951e+000    6.134405e-004   -5.323212e-007    3.816307e-010   -9.405705e-014    2.706894e+000    3.625384e+000   -5.021653e-004    4.184792e-007   -9.857151e-011    8.258762e-015    1.554194e+000
   28. HO2                     2.290566e+005    2.784734e+005    1.540000e+003    2.852414e+000    5.402572e-003   -1.902675e-006    5.042272e-010   -6.008855e-014    9.844838e+000    4.163181e+000    1.997983e-003   -2.445960e-007    2.570511e-011   -1.826930e-015    2.955180e+000
   29. NH2                     1.946092e+005    2.391680e+005    1.120000e+003    4.183131e+000   -1.894634e-003    2.959473e-006   -1.338798e-009    2.334119e-013   -9.019987e-002    2.676878e+000    3.484841e-003   -6.428541e-007    9.069721e-011   -5.900857e-015    7.347302e+000
   30. H2NO                    2.366061e+005    2.935151e+005    1.200000e+003    2.789359e+000    4.495670e-003    1.129402e-006   -9.028714e-010    1.628072e-013    1.114854e+001    1.434058e+000    9.013339e-003   -1.694142e-006    1.428853e-010   -5.923402e-016    1.793419e+001
   31. N2H3                    2.284557e+005    3.021643e+005    1.610000e+003    1.714152e+000    1.451718e-002   -4.823036e-006    1.149805e-009   -1.268580e-013    1.378398e+001    5.069618e+000    6.180618e-003   -9.395451e-007    7.775788e-011   -2.007775e-015   -4.002185e+000
   32. HCO                     2.245153e+005    2.733706e+005    9.200000e+002    3.742189e+000    2.758441e-005    3.081494e-006   -1.963926e-009    4.335778e-013    5.450071e+000    2.447721e+000    5.655706e-003   -1.506648e-006    2.525675e-010   -1.815324e-014    1.158720e+001

 -------------------------------------------------------------------------------------------------------------------------------------------------------------------------------------------------------------------------------------------------------------------------------------------


