 ====================================================================================================
   THERMO TABLE FOR MOLECULE HE
 ====================================================================================================
   Elemental Composition:
     HE 1
   Formation Enthalpy at 298K =          -0.000745125 kcal/mol
   Formation Free Gibbs Energy at 298K = -8.98416 kcal/mol
   Molecular Weight =                    4.003 kg/kmol
 -----------------------------------------------------------------------------------------------------
   Temperature       Cp             H             G            S             DH            DG         
       [K]       [cal/mol/K]    [kcal/mol]    [kcal/mol]  [cal/(mol-K)]  [kcal/mol]     [kcal/mol]    
 -----------------------------------------------------------------------------------------------------
     300.0000      4.9675        0.0092        -9.0445       30.1789       0.0099        -0.0603       
     600.0000      4.9675        1.4994        -18.6738      33.6221       1.5002        -9.6897       
     800.0000      4.9675        2.4929        -25.5480      35.0512       2.4937        -16.5638      
     1000.0000     4.9675        3.4864        -32.6732      36.1596       3.4872        -23.6890      
     1200.0000     4.9675        4.4799        -39.9985      37.0653       4.4807        -31.0143      
     1400.0000     4.9675        5.4734        -47.4901      37.8311       5.4742        -38.5059      
     1600.0000     4.9675        6.4669        -55.1241      38.4944       6.4677        -46.1399      
     1800.0000     4.9675        7.4604        -62.8826      39.0795       7.4612        -53.8985      
     2000.0000     4.9675        8.4539        -70.7518      39.6029       8.4547        -61.7676      
     2200.0000     4.9675        9.4474        -78.7204      40.0763       9.4482        -69.7363      
     2400.0000     4.9675        10.4409       -86.7796      40.5085       10.4417       -77.7954      
     2600.0000     4.9675        11.4344       -94.9216      40.9062       11.4352       -85.9374      
 -----------------------------------------------------------------------------------------------------


 ====================================================================================================
   THERMO TABLE FOR MOLECULE AR
 ====================================================================================================
   Elemental Composition:
     AR 1.0000
   Formation Enthalpy at 298K =          -0.0007 kcal/mol
   Formation Free Gibbs Energy at 298K = -11.0195 kcal/mol
   Molecular Weight =                    39.9480 kg/kmol
 -----------------------------------------------------------------------------------------------------
   Temperature       Cp             H             G            S             DH            DG         
       [K]       [cal/mol/K]    [kcal/mol]    [kcal/mol]  [cal/(mol-K)]  [kcal/mol]     [kcal/mol]    
 -----------------------------------------------------------------------------------------------------
     300.0000      4.9675        0.0092        -11.0934      37.0088       0.0099        -0.0740       
     600.0000      4.9675        1.4994        -22.7718      40.4520       1.5002        -11.7523      
     800.0000      4.9675        2.4929        -31.0119      41.8810       2.4937        -19.9924      
     1000.0000     4.9675        3.4864        -39.5031      42.9895       3.4872        -28.4836      
     1200.0000     4.9675        4.4799        -48.1943      43.8952       4.4807        -37.1748      
     1400.0000     4.9675        5.4734        -57.0519      44.6609       5.4742        -46.0324      
     1600.0000     4.9675        6.4669        -66.0519      45.3243       6.4677        -55.0324      
     1800.0000     4.9675        7.4604        -75.1764      45.9093       7.4612        -64.1569      
     2000.0000     4.9675        8.4539        -84.4115      46.4327       8.4547        -73.3920      
     2200.0000     4.9675        9.4474        -93.7461      46.9062       9.4482        -82.7267      
     2400.0000     4.9675        10.4409       -103.1712     47.3384       10.4417       -92.1518      
     2600.0000     4.9675        11.4344       -112.6792     47.7360       11.4352       -101.6597     
 -----------------------------------------------------------------------------------------------------


 ====================================================================================================
   THERMO TABLE FOR MOLECULE N2
 ====================================================================================================
   Elemental Composition:
     N 2.0000
   Formation Enthalpy at 298K =          0.0009 kcal/mol
   Formation Free Gibbs Energy at 298K = -13.6378 kcal/mol
   Molecular Weight =                    28.0140 kg/kmol
 -----------------------------------------------------------------------------------------------------
   Temperature       Cp             H             G            S             DH            DG         
       [K]       [cal/mol/K]    [kcal/mol]    [kcal/mol]  [cal/(mol-K)]  [kcal/mol]     [kcal/mol]    
 -----------------------------------------------------------------------------------------------------
     300.0000      6.9719        0.0148        -13.7293      45.8138       0.0139        -0.0916       
     600.0000      7.2004        2.1279        -28.2843      50.6870       2.1270        -14.6466      
     800.0000      7.5121        3.5986        -38.6417      52.8004       3.5978        -25.0039      
     1000.0000     7.8107        5.1317        -49.3780      54.5096       5.1308        -35.7402      
     1200.0000     8.0537        6.7191        -60.4282      55.9560       6.7182        -46.7904      
     1400.0000     8.2449        8.3497        -71.7478      57.2125       8.3488        -58.1100      
     1600.0000     8.3943        10.0142       -83.3035      58.3236       10.0134       -69.6657      
     1800.0000     8.5105        11.7052       -95.0695      59.3193       11.7044       -81.4318      
     2000.0000     8.6011        13.4168       -107.0250     60.2209       13.4159       -93.3872      
     2200.0000     8.6725        15.1444       -119.1527     61.0441       15.1435       -105.5149     
     2400.0000     8.7297        16.8848       -131.4382     61.8013       16.8839       -117.8004     
     2600.0000     8.7769        18.6356       -143.8694     62.5019       18.6348       -130.2316     
 -----------------------------------------------------------------------------------------------------


 ====================================================================================================
   THERMO TABLE FOR MOLECULE NO
 ====================================================================================================
   Elemental Composition:
     O 1.0000
     N 1.0000
   Formation Enthalpy at 298K =          21.5796 kcal/mol
   Formation Free Gibbs Energy at 298K = 6.5781 kcal/mol
   Molecular Weight =                    30.0060 kg/kmol
 -----------------------------------------------------------------------------------------------------
   Temperature       Cp             H             G            S             DH            DG         
       [K]       [cal/mol/K]    [kcal/mol]    [kcal/mol]  [cal/(mol-K)]  [kcal/mol]     [kcal/mol]    
 -----------------------------------------------------------------------------------------------------
     300.0000      7.1222        21.5939       6.4774        50.3882       0.0142        -0.1007       
     600.0000      7.4665        23.7700       -9.4714       55.4023       2.1904        -16.0495      
     800.0000      7.8191        25.2988       -20.7803      57.5989       3.7191        -27.3585      
     1000.0000     8.1178        26.8938       -32.4834      59.3772       5.3142        -39.0616      
     1200.0000     8.3392        28.5407       -44.5128      60.8779       6.9611        -51.0910      
     1400.0000     8.4994        30.2254       -56.8212      62.1761       8.6458        -63.3993      
     1600.0000     8.6144        31.9374       -69.3730      63.3190       10.3578       -75.9511      
     1800.0000     8.6976        33.6691       -82.1406      64.3387       12.0894       -88.7187      
     2000.0000     8.7598        35.4151       -95.1018      65.2584       13.8355       -101.6799     
     2200.0000     8.8095        37.1722       -108.2385     66.0957       15.5925       -114.8166     
     2400.0000     8.8525        38.9384       -121.5355     66.8641       17.3588       -128.1136     
     2600.0000     8.8922        40.7130       -134.9802     67.5743       19.1333       -141.5584     
 -----------------------------------------------------------------------------------------------------


 ====================================================================================================
   THERMO TABLE FOR MOLECULE N2O
 ====================================================================================================
   Elemental Composition:
     O 1.0000
     N 2.0000
   Formation Enthalpy at 298K =          19.6048 kcal/mol
   Formation Free Gibbs Energy at 298K = 3.9477 kcal/mol
   Molecular Weight =                    44.0130 kg/kmol
 -----------------------------------------------------------------------------------------------------
   Temperature       Cp             H             G            S             DH            DG         
       [K]       [cal/mol/K]    [kcal/mol]    [kcal/mol]  [cal/(mol-K)]  [kcal/mol]     [kcal/mol]    
 -----------------------------------------------------------------------------------------------------
     300.0000      9.2643        19.6234       3.8426        52.6026       0.0185        -0.1051       
     600.0000      11.5712       22.7812       -13.1026      59.8063       3.1763        -17.0503      
     800.0000      12.5054       25.1952       -25.4226      63.2722       5.5903        -29.3703      
     1000.0000     13.1232       27.7623       -38.3715      66.1339       8.1575        -42.3193      
     1200.0000     13.5352       30.4308       -51.8476      68.5654       10.8260       -55.7953      
     1400.0000     13.8235       33.1682       -65.7763      70.6747       13.5634       -69.7240      
     1600.0000     14.0415       35.9556       -80.1009      72.5353       16.3508       -84.0486      
     1800.0000     14.2147       38.7819       -94.7774      74.1996       19.1771       -98.7251      
     2000.0000     14.3497       41.6390       -109.7702     75.7046       22.0341       -113.7179     
     2200.0000     14.4510       44.5195       -125.0504     77.0772       24.9147       -128.9981     
     2400.0000     14.5235       47.4174       -140.5936     78.3379       27.8126       -144.5413     
     2600.0000     14.5729       50.3274       -156.3791     79.5025       30.7225       -160.3269     
 -----------------------------------------------------------------------------------------------------


 ====================================================================================================
   THERMO TABLE FOR MOLECULE O2
 ====================================================================================================
   Elemental Composition:
     O 2.0000
   Formation Enthalpy at 298K =          -0.0037 kcal/mol
   Formation Free Gibbs Energy at 298K = -14.6040 kcal/mol
   Molecular Weight =                    31.9980 kg/kmol
 -----------------------------------------------------------------------------------------------------
   Temperature       Cp             H             G            S             DH            DG         
       [K]       [cal/mol/K]    [kcal/mol]    [kcal/mol]  [cal/(mol-K)]  [kcal/mol]     [kcal/mol]    
 -----------------------------------------------------------------------------------------------------
     300.0000      7.0098        0.0103        -14.7020      49.0411       0.0140        -0.0980       
     600.0000      7.6695        2.2105        -30.2483      54.0981       2.2142        -15.6443      
     800.0000      8.0492        3.7842        -41.3030      56.3590       3.7879        -26.6991      
     1000.0000     8.3310        5.4236        -52.7634      58.1870       5.4273        -38.1594      
     1200.0000     8.5383        7.1116        -64.5586      59.7252       7.1153        -49.9547      
     1400.0000     8.6937        8.8355        -76.6395      61.0536       8.8392        -62.0355      
     1600.0000     8.8161        10.5869       -88.9695      62.2227       10.5906       -74.3655      
     1800.0000     8.9205        12.3607       -101.5203     63.2673       12.3644       -86.9163      
     2000.0000     9.0182        14.1546       -114.2697     64.2122       14.1583       -99.6658      
     2200.0000     9.1168        15.9681       -127.1998     65.0763       15.9718       -112.5958     
     2400.0000     9.2202        17.8017       -140.2958     65.8740       17.8054       -125.6919     
     2600.0000     9.3287        19.6565       -153.5457     66.6162       19.6602       -138.9417     
 -----------------------------------------------------------------------------------------------------


 ====================================================================================================
   THERMO TABLE FOR MOLECULE NO2
 ====================================================================================================
   Elemental Composition:
     O 2.0000
     N 1.0000
   Formation Enthalpy at 298K =          7.8938 kcal/mol
   Formation Free Gibbs Energy at 298K = -9.1880 kcal/mol
   Molecular Weight =                    46.0050 kg/kmol
 -----------------------------------------------------------------------------------------------------
   Temperature       Cp             H             G            S             DH            DG         
       [K]       [cal/mol/K]    [kcal/mol]    [kcal/mol]  [cal/(mol-K)]  [kcal/mol]     [kcal/mol]    
 -----------------------------------------------------------------------------------------------------
     300.0000      8.7865        7.9113        -9.3027       57.3800       0.0176        -0.1147       
     600.0000      10.9649       10.9031       -27.6200      64.2052       3.0093        -18.4320      
     800.0000      11.8669       13.1922       -40.8011      67.4917       5.2984        -31.6131      
     1000.0000     12.4645       15.6296       -54.5790      70.2086       7.7358        -45.3910      
     1200.0000     12.8521       18.1640       -68.8575      72.5180       10.2703       -59.6695      
     1400.0000     13.1043       20.7614       -83.5658      74.5194       12.8677       -74.3778      
     1600.0000     13.2757       23.4004       -98.6493      76.2811       15.5067       -89.4613      
     1800.0000     13.4016       26.0687       -114.0655     77.8524       18.1750       -104.8775     
     2000.0000     13.4980       28.7591       -129.7800     79.2696       20.8654       -120.5920     
     2200.0000     13.5710       31.4664       -145.7649     80.5597       23.5726       -136.5769     
     2400.0000     13.6253       34.1863       -161.9968     81.7429       26.2925       -152.8088     
     2600.0000     13.6650       36.9155       -178.4560     82.8352       29.0218       -169.2680     
 -----------------------------------------------------------------------------------------------------


 ====================================================================================================
   THERMO TABLE FOR MOLECULE HNO
 ====================================================================================================
   Elemental Composition:
     H 1.0000
     O 1.0000
     N 1.0000
   Formation Enthalpy at 298K =          23.7972 kcal/mol
   Formation Free Gibbs Energy at 298K = 8.0876 kcal/mol
   Molecular Weight =                    31.0140 kg/kmol
 -----------------------------------------------------------------------------------------------------
   Temperature       Cp             H             G            S             DH            DG         
       [K]       [cal/mol/K]    [kcal/mol]    [kcal/mol]  [cal/(mol-K)]  [kcal/mol]     [kcal/mol]    
 -----------------------------------------------------------------------------------------------------
     300.0000      8.2703        23.8137       7.9821        52.7721       0.0165        -0.1055       
     600.0000      9.8670        26.5392       -8.8640       59.0054       2.7420        -16.9516      
     800.0000      10.7538       28.6044       -20.9715      61.9699       4.8072        -29.0591      
     1000.0000     11.4482       30.8277       -33.6199      64.4476       7.0305        -41.7075      
     1200.0000     11.9744       33.1725       -46.7279      66.5837       9.3753        -54.8155      
     1400.0000     12.3680       35.6087       -60.2361      68.4606       11.8115       -68.3237      
     1600.0000     12.6599       38.1129       -74.0985      70.1321       14.3157       -82.1861      
     1800.0000     12.8766       40.6676       -88.2779      71.6364       16.8704       -96.3654      
     2000.0000     13.0400       43.2600       -102.7438     73.0019       19.4628       -110.8314     
     2200.0000     13.1674       45.8812       -117.4709     74.2509       22.0840       -125.5585     
     2400.0000     13.2716       48.5254       -132.4376     75.4013       24.7282       -140.5252     
     2600.0000     13.3605       51.1888       -147.6258     76.4671       27.3916       -155.7133     
 -----------------------------------------------------------------------------------------------------


 ====================================================================================================
   THERMO TABLE FOR MOLECULE HNNO
 ====================================================================================================
   Elemental Composition:
     H 1.0000
     O 1.0000
     N 2.0000
   Formation Enthalpy at 298K =          55.1994 kcal/mol
   Formation Free Gibbs Energy at 298K = 37.1624 kcal/mol
   Molecular Weight =                    45.0210 kg/kmol
 -----------------------------------------------------------------------------------------------------
   Temperature       Cp             H             G            S             DH            DG         
       [K]       [cal/mol/K]    [kcal/mol]    [kcal/mol]  [cal/(mol-K)]  [kcal/mol]     [kcal/mol]    
 -----------------------------------------------------------------------------------------------------
     300.0000      10.7147       55.2208       37.0412       60.5987       0.0214        -0.1211       
     600.0000      14.2678       59.0188       17.4799       69.2315       3.8193        -19.6825      
     800.0000      15.7197       62.0268       3.1882        73.5483       6.8274        -33.9742      
     1000.0000     16.7189       65.2766       -11.8934      77.1700       10.0772       -49.0557      
     1200.0000     17.4365       68.6958       -27.6461      80.2849       13.4963       -64.8085      
     1400.0000     17.9814       72.2398       -43.9818      83.0155       17.0404       -81.1442      
     1600.0000     18.4058       75.8803       -60.8323      85.4454       20.6809       -97.9947      
     1800.0000     18.7363       79.5959       -78.1439      87.6332       24.3965       -115.3062     
     2000.0000     18.9944       83.3700       -95.8723      89.6212       28.1706       -133.0347     
     2200.0000     19.1976       87.1900       -113.9812     91.4414       31.9906       -151.1435     
     2400.0000     19.3590       91.0463       -132.4394     93.1190       35.8469       -169.6018     
     2600.0000     19.4878       94.9315       -151.2206     94.6739       39.7320       -188.3830     
 -----------------------------------------------------------------------------------------------------


 ====================================================================================================
   THERMO TABLE FOR MOLECULE HONO
 ====================================================================================================
   Elemental Composition:
     H 1.0000
     O 2.0000
     N 1.0000
   Formation Enthalpy at 298K =          -18.3445 kcal/mol
   Formation Free Gibbs Energy at 298K = -36.0990 kcal/mol
   Molecular Weight =                    47.0130 kg/kmol
 -----------------------------------------------------------------------------------------------------
   Temperature       Cp             H             G            S             DH            DG         
       [K]       [cal/mol/K]    [kcal/mol]    [kcal/mol]  [cal/(mol-K)]  [kcal/mol]     [kcal/mol]    
 -----------------------------------------------------------------------------------------------------
     300.0000      10.8808       -18.3227      -36.2182      59.6516       0.0217        -0.1192       
     600.0000      14.3149       -14.4910      -55.5114      68.3672       3.8535        -19.4123      
     800.0000      15.6636       -11.4838      -69.6306      72.6836       6.8607        -33.5316      
     1000.0000     16.5621       -8.2554       -84.5372      76.2818       10.0890       -48.4382      
     1200.0000     17.1952       -4.8765       -100.1088     79.3603       13.4680       -64.0098      
     1400.0000     17.6811       -1.3870       -116.2554     82.0489       16.9575       -80.1564      
     1600.0000     18.0735       2.1898        -132.9084     84.4364       20.5343       -96.8094      
     1800.0000     18.3882       5.8372        -150.0140     86.5840       24.1817       -113.9150     
     2000.0000     18.6367       9.5407        -167.5289     88.5348       27.8852       -131.4299     
     2200.0000     18.8296       13.2882       -185.4170     90.3205       31.6327       -149.3179     
     2400.0000     18.9772       17.0695       -203.6477     91.9655       35.4140       -167.5487     
     2600.0000     19.0894       20.8767       -222.1951     93.4891       39.2212       -186.0961     
 -----------------------------------------------------------------------------------------------------


 ====================================================================================================
   THERMO TABLE FOR MOLECULE HNO2
 ====================================================================================================
   Elemental Composition:
     H 1.0000
     O 2.0000
     N 1.0000
   Formation Enthalpy at 298K =          -14.1602 kcal/mol
   Formation Free Gibbs Energy at 298K = -31.0645 kcal/mol
   Molecular Weight =                    47.0130 kg/kmol
 -----------------------------------------------------------------------------------------------------
   Temperature       Cp             H             G            S             DH            DG         
       [K]       [cal/mol/K]    [kcal/mol]    [kcal/mol]  [cal/(mol-K)]  [kcal/mol]     [kcal/mol]    
 -----------------------------------------------------------------------------------------------------
     300.0000      8.9802        -14.1423      -31.1780      56.7858       0.0179        -0.1135       
     600.0000      12.7415       -10.8444      -49.3974      64.2550       3.3158        -18.3329      
     800.0000      14.4751       -8.1140       -62.6504      68.1705       6.0462        -31.5859      
     1000.0000     15.7453       -5.0852       -76.6297      71.5445       9.0750        -45.5652      
     1200.0000     16.6647       -1.8392       -91.2405      74.5011       12.3210       -60.1760      
     1400.0000     17.3274       1.5636        -106.4078     77.1225       15.7238       -75.3433      
     1600.0000     17.8091       5.0798        -122.0712     79.4693       19.2400       -91.0067      
     1800.0000     18.1667       8.6791        -138.1804     81.5886       22.8392       -107.1159     
     2000.0000     18.4395       12.3408       -154.6939     83.5174       26.5010       -123.6294     
     2200.0000     18.6537       16.0510       -171.5767     85.2853       30.2112       -140.5122     
     2400.0000     18.8286       19.7997       -188.7989     86.9161       33.9599       -157.7344     
     2600.0000     18.9765       23.5806       -206.3353     88.4292       37.7408       -175.2708     
 -----------------------------------------------------------------------------------------------------


 ====================================================================================================
   THERMO TABLE FOR MOLECULE HONO2
 ====================================================================================================
   Elemental Composition:
     H 1.0000
     O 3.0000
     N 1.0000
   Formation Enthalpy at 298K =          -30.1735 kcal/mol
   Formation Free Gibbs Energy at 298K = -48.9948 kcal/mol
   Molecular Weight =                    63.0120 kg/kmol
 -----------------------------------------------------------------------------------------------------
   Temperature       Cp             H             G            S             DH            DG         
       [K]       [cal/mol/K]    [kcal/mol]    [kcal/mol]  [cal/(mol-K)]  [kcal/mol]     [kcal/mol]    
 -----------------------------------------------------------------------------------------------------
     300.0000      12.3471       -30.1489      -49.1212      63.2410       0.0246        -0.1264       
     600.0000      18.1215       -25.4861      -69.7559      73.7830       4.6875        -20.7611      
     800.0000      20.3090       -21.6264      -85.0822      79.3197       8.5471        -36.0874      
     1000.0000     21.6966       -17.4155      -101.4276     84.0121       12.7580       -52.4328      
     1200.0000     22.6010       -12.9797      -118.6437     88.0533       17.1938       -69.6489      
     1400.0000     23.2171       -8.3941       -136.6152     91.5865       21.7795       -87.6204      
     1600.0000     23.6372       -3.7059       -155.2514     94.7160       26.4676       -106.2566     
     1800.0000     23.9185       1.0516        -174.4797     97.5174       31.2251       -125.4849     
     2000.0000     24.1072       5.8554        -194.2403     100.0478      36.0289       -145.2455     
     2200.0000     24.2398       10.6907       -214.4838     102.3521      40.8643       -165.4890     
     2400.0000     24.3424       15.5493       -235.1685     104.4657      45.7228       -186.1737     
     2600.0000     24.4309       20.4268       -256.2593     106.4177      50.6003       -207.2645     
 -----------------------------------------------------------------------------------------------------


 ====================================================================================================
   THERMO TABLE FOR MOLECULE H2
 ====================================================================================================
   Elemental Composition:
     H 2.0000
   Formation Enthalpy at 298K =          0.0017 kcal/mol
   Formation Free Gibbs Energy at 298K = -9.2989 kcal/mol
   Molecular Weight =                    2.0160 kg/kmol
 -----------------------------------------------------------------------------------------------------
   Temperature       Cp             H             G            S             DH            DG         
       [K]       [cal/mol/K]    [kcal/mol]    [kcal/mol]  [cal/(mol-K)]  [kcal/mol]     [kcal/mol]    
 -----------------------------------------------------------------------------------------------------
     300.0000      6.9011        0.0155        -9.3614       31.2561       0.0138        -0.0625       
     600.0000      7.0078        2.1061        -19.5434      36.0826       2.1045        -10.2445      
     800.0000      7.0853        3.5143        -26.9718      38.1077       3.5127        -17.6729      
     1000.0000     7.2222        4.9443        -34.7582      39.7025       4.9426        -25.4593      
     1200.0000     7.3992        6.4059        -42.8354      41.0344       6.4042        -33.5365      
     1400.0000     7.5981        7.9054        -51.1603      42.1898       7.9037        -41.8614      
     1600.0000     7.8039        9.4456        -59.7029      43.2178       9.4439        -50.4040      
     1800.0000     8.0050        11.0266       -68.4410      44.1487       11.0250       -59.1421      
     2000.0000     8.1926        12.6467       -77.3572      45.0019       12.6450       -68.0583      
     2200.0000     8.3614        14.3024       -86.4375      45.7909       14.3008       -77.1386      
     2400.0000     8.5092        15.9898       -95.6699      46.5249       15.9882       -86.3710      
     2600.0000     8.6369        17.7047       -105.0442     47.2111       17.7031       -95.7453      
 -----------------------------------------------------------------------------------------------------


 ====================================================================================================
   THERMO TABLE FOR MOLECULE N2H2
 ====================================================================================================
   Elemental Composition:
     H 2.0000
     N 2.0000
   Formation Enthalpy at 298K =          50.8978 kcal/mol
   Formation Free Gibbs Energy at 298K = 35.3406 kcal/mol
   Molecular Weight =                    30.0300 kg/kmol
 -----------------------------------------------------------------------------------------------------
   Temperature       Cp             H             G            S             DH            DG         
       [K]       [cal/mol/K]    [kcal/mol]    [kcal/mol]  [cal/(mol-K)]  [kcal/mol]     [kcal/mol]    
 -----------------------------------------------------------------------------------------------------
     300.0000      8.7133        50.9152       35.2361       52.2639       0.0174        -0.1045       
     600.0000      11.8724       54.0229       18.4322       59.3179       3.1251        -16.9083      
     800.0000      13.5238       56.5687       6.1940        62.9683       5.6708        -29.1465      
     1000.0000     14.8251       59.4090       -6.7229       66.1319       8.5112        -42.0634      
     1200.0000     15.8298       62.4789       -20.2343      68.9277       11.5811       -55.5748      
     1400.0000     16.5978       65.7252       -34.2743      71.4282       14.8273       -69.6149      
     1600.0000     17.1820       69.1058       -48.7893      73.6845       18.2080       -84.1299      
     1800.0000     17.6274       72.5888       -63.7344      75.7351       21.6909       -99.0750      
     2000.0000     17.9718       76.1501       -79.0717      77.6109       25.2522       -114.4123     
     2200.0000     18.2450       79.7727       -94.7688      79.3371       28.8749       -130.1094     
     2400.0000     18.4695       83.4449       -110.7980     80.9345       32.5470       -146.1385     
     2600.0000     18.6601       87.1583       -127.1352     82.4206       36.2605       -162.4758     
 -----------------------------------------------------------------------------------------------------


 ====================================================================================================
   THERMO TABLE FOR MOLECULE H2O
 ====================================================================================================
   Elemental Composition:
     H 2.0000
     O 1.0000
   Formation Enthalpy at 298K =          -57.7897 kcal/mol
   Formation Free Gibbs Energy at 298K = -71.2309 kcal/mol
   Molecular Weight =                    18.0150 kg/kmol
 -----------------------------------------------------------------------------------------------------
   Temperature       Cp             H             G            S             DH            DG         
       [K]       [cal/mol/K]    [kcal/mol]    [kcal/mol]  [cal/(mol-K)]  [kcal/mol]     [kcal/mol]    
 -----------------------------------------------------------------------------------------------------
     300.0000      8.0442        -57.7736      -71.3212      45.1586       0.0161        -0.0903       
     600.0000      8.6683        -55.2770      -85.8184      50.9023       2.5127        -14.5875      
     800.0000      9.2461        -53.4868      -96.2655      53.4734       4.3029        -25.0346      
     1000.0000     9.8625        -51.5761      -107.1787     55.6027       6.2137        -35.9478      
     1200.0000     10.4614       -49.5430      -118.4882     57.4543       8.2467        -47.2573      
     1400.0000     11.0063       -47.3951      -130.1474     59.1087       10.3946       -58.9165      
     1600.0000     11.4799       -45.1453      -142.1216     60.6102       12.6444       -70.8906      
     1800.0000     11.8837       -42.8078      -154.3831     61.9863       14.9819       -83.1522      
     2000.0000     12.2273       -40.3958      -166.9090     63.2566       17.3939       -95.6781      
     2200.0000     12.5201       -37.9203      -179.6797     64.4361       19.8694       -108.4488     
     2400.0000     12.7703       -35.3906      -192.6782     65.5365       22.3991       -121.4473     
     2600.0000     12.9848       -32.8146      -205.8897     66.5673       24.9751       -134.6587     
 -----------------------------------------------------------------------------------------------------


 ====================================================================================================
   THERMO TABLE FOR MOLECULE H2O2
 ====================================================================================================
   Elemental Composition:
     H 2.0000
     O 2.0000
   Formation Enthalpy at 298K =          -32.5294 kcal/mol
   Formation Free Gibbs Energy at 298K = -49.1123 kcal/mol
   Molecular Weight =                    34.0140 kg/kmol
 -----------------------------------------------------------------------------------------------------
   Temperature       Cp             H             G            S             DH            DG         
       [K]       [cal/mol/K]    [kcal/mol]    [kcal/mol]  [cal/(mol-K)]  [kcal/mol]     [kcal/mol]    
 -----------------------------------------------------------------------------------------------------
     300.0000      10.3974       -32.5086      -49.2237      55.7168       0.0208        -0.1114       
     600.0000      13.1010       -28.9489      -67.2490      63.8335       3.5805        -18.1367      
     800.0000      14.2921       -26.2037      -80.4229      67.7740       6.3257        -31.3106      
     1000.0000     15.2065       -23.2503      -94.3157      71.0654       9.2791        -45.2034      
     1200.0000     15.9526       -20.1321      -108.8191     73.9058       12.3973       -59.7068      
     1400.0000     16.5767       -16.8773      -123.8559     76.4133       15.6521       -74.7436      
     1600.0000     17.0960       -13.5084      -139.3672     78.6617       19.0210       -90.2549      
     1800.0000     17.5248       -10.0450      -155.3067     80.7009       22.4844       -106.1944     
     2000.0000     17.8764       -6.5037       -171.6360     82.5662       26.0257       -122.5237     
     2200.0000     18.1629       -2.8987       -188.3233     84.2839       29.6307       -139.2110     
     2400.0000     18.3952       0.7579        -205.3411     85.8746       33.2873       -156.2288     
     2600.0000     18.5832       4.4564        -222.6658     87.3547       36.9858       -173.5535     
 -----------------------------------------------------------------------------------------------------


 ====================================================================================================
   THERMO TABLE FOR MOLECULE NH3
 ====================================================================================================
   Elemental Composition:
     H 3.0000
     N 1.0000
   Formation Enthalpy at 298K =          -10.9690 kcal/mol
   Formation Free Gibbs Energy at 298K = -24.6885 kcal/mol
   Molecular Weight =                    17.0310 kg/kmol
 -----------------------------------------------------------------------------------------------------
   Temperature       Cp             H             G            S             DH            DG         
       [K]       [cal/mol/K]    [kcal/mol]    [kcal/mol]  [cal/(mol-K)]  [kcal/mol]     [kcal/mol]    
 -----------------------------------------------------------------------------------------------------
     300.0000      8.5285        -10.9520      -24.7806      46.0955       0.0170        -0.0921       
     600.0000      10.8101       -8.0497       -39.6759      52.7103       2.9193        -14.9874      
     800.0000      12.2333       -5.7432       -50.5577      56.0182       5.2258        -25.8693      
     1000.0000     13.5026       -3.1667       -62.0543      58.8876       7.8023        -37.3658      
     1200.0000     14.5908       -0.3543       -74.0923      61.4484       10.6147       -49.4038      
     1400.0000     15.5033       2.6579        -86.6176      63.7682       13.6269       -61.9291      
     1600.0000     16.2624       5.8368        -99.5864      65.8895       16.8058       -74.8979      
     1800.0000     16.8902       9.1541        -112.9622     67.8424       20.1231       -88.2737      
     2000.0000     17.4065       12.5855       -126.7137     69.6496       23.5545       -102.0252     
     2200.0000     17.8291       16.1105       -140.8135     71.3291       27.0795       -116.1250     
     2400.0000     18.1734       19.7119       -155.2378     72.8957       30.6809       -130.5493     
     2600.0000     18.4530       23.3755       -169.9651     74.3618       34.3445       -145.2766     
 -----------------------------------------------------------------------------------------------------


 ====================================================================================================
   THERMO TABLE FOR MOLECULE N2H4
 ====================================================================================================
   Elemental Composition:
     H 4.0000
     N 2.0000
   Formation Enthalpy at 298K =          22.7890 kcal/mol
   Formation Free Gibbs Energy at 298K = 5.7963 kcal/mol
   Molecular Weight =                    32.0460 kg/kmol
 -----------------------------------------------------------------------------------------------------
   Temperature       Cp             H             G            S             DH            DG         
       [K]       [cal/mol/K]    [kcal/mol]    [kcal/mol]  [cal/(mol-K)]  [kcal/mol]     [kcal/mol]    
 -----------------------------------------------------------------------------------------------------
     300.0000      12.2115       22.8134       5.6822        57.1039       0.0244        -0.1141       
     600.0000      18.5269       27.5181       -13.1148      67.7214       4.7291        -18.9111      
     800.0000      21.1258       31.4983       -27.2447      73.4287       8.7093        -33.0410      
     1000.0000     23.0369       35.9230       -42.4345      78.3574       13.1340       -48.2308      
     1200.0000     24.5560       40.6873       -58.5484      82.6965       17.8984       -64.3448      
     1400.0000     25.8001       45.7272       -75.4827      86.5785       22.9382       -81.2790      
     1600.0000     26.8119       50.9919       -93.1553      90.0920       28.2029       -98.9517      
     1800.0000     27.6276       56.4389       -111.4991     93.2989       33.6499       -117.2954     
     2000.0000     28.2800       62.0321       -130.4575     96.2448       39.2431       -136.2538     
     2200.0000     28.7989       67.7420       -149.9820     98.9655       44.9530       -155.7784     
     2400.0000     29.2106       73.5445       -170.0306     101.4896      50.7555       -175.8269     
     2600.0000     29.5383       79.4206       -190.5664     103.8412      56.6316       -196.3627     
 -----------------------------------------------------------------------------------------------------


 ====================================================================================================
   THERMO TABLE FOR MOLECULE CO
 ====================================================================================================
   Elemental Composition:
     C 1.0000
     O 1.0000
   Formation Enthalpy at 298K =          -26.4171 kcal/mol
   Formation Free Gibbs Energy at 298K = -40.4855 kcal/mol
   Molecular Weight =                    28.0100 kg/kmol
 -----------------------------------------------------------------------------------------------------
   Temperature       Cp             H             G            S             DH            DG         
       [K]       [cal/mol/K]    [kcal/mol]    [kcal/mol]  [cal/(mol-K)]  [kcal/mol]     [kcal/mol]    
 -----------------------------------------------------------------------------------------------------
     300.0000      6.9700        -26.4032      -40.5800      47.2560       0.0139        -0.0945       
     600.0000      7.2797        -24.2778      -55.5704      52.1544       2.1394        -15.0849      
     800.0000      7.6204        -22.7878      -66.2240      54.2952       3.6293        -25.7385      
     1000.0000     7.9254        -21.2322      -77.2618      56.0296       5.1850        -36.7762      
     1200.0000     8.1634        -19.6222      -88.6181      57.4966       6.7949        -48.1326      
     1400.0000     8.3451        -17.9705      -100.2475     58.7692       8.4466        -59.7620      
     1600.0000     8.4828        -16.2871      -112.1159     59.8930       10.1300       -71.6304      
     1800.0000     8.5872        -14.5796      -124.1968     60.8984       11.8375       -83.7113      
     2000.0000     8.6672        -12.8539      -136.4689     61.8075       13.5633       -95.9834      
     2200.0000     8.7302        -11.1139      -148.9145     62.6366       15.3032       -108.4290     
     2400.0000     8.7817        -9.3625       -161.5191     63.3985       17.0546       -121.0335     
     2600.0000     8.8257        -7.6017       -174.2701     64.1032       18.8154       -133.7846     
 -----------------------------------------------------------------------------------------------------


 ====================================================================================================
   THERMO TABLE FOR MOLECULE CO2
 ====================================================================================================
   Elemental Composition:
     C 1.0000
     O 2.0000
   Formation Enthalpy at 298K =          -94.0577 kcal/mol
   Formation Free Gibbs Energy at 298K = -109.2766 kcal/mol
   Molecular Weight =                    44.0090 kg/kmol
 -----------------------------------------------------------------------------------------------------
   Temperature       Cp             H             G            S             DH            DG         
       [K]       [cal/mol/K]    [kcal/mol]    [kcal/mol]  [cal/(mol-K)]  [kcal/mol]     [kcal/mol]    
 -----------------------------------------------------------------------------------------------------
     300.0000      8.9085        -94.0399      -109.3788     51.1300       0.0178        -0.1022       
     600.0000      11.3163       -90.9734      -125.8445     58.1186       3.0843        -16.5679      
     800.0000      12.3125       -88.6041      -137.8199     61.5198       5.4536        -28.5432      
     1000.0000     12.9886       -86.0696      -150.4143     64.3447       7.9880        -41.1377      
     1200.0000     13.4551       -83.4226      -163.5303     66.7565       10.6351       -54.2537      
     1400.0000     13.7935       -80.6961      -177.0962     68.8572       13.3616       -67.8196      
     1600.0000     14.0566       -77.9101      -191.0572     70.7169       16.1476       -81.7806      
     1800.0000     14.2685       -75.0768      -205.3703     72.3853       18.9808       -96.0936      
     2000.0000     14.4374       -72.2056      -220.0009     73.8977       21.8521       -110.7243     
     2200.0000     14.5696       -69.3043      -234.9207     75.2802       24.7534       -125.6441     
     2400.0000     14.6714       -66.3797      -250.1057     76.5525       27.6779       -140.8290     
     2600.0000     14.7496       -63.4373      -265.5354     77.7300       30.6204       -156.2587     
 -----------------------------------------------------------------------------------------------------


 ====================================================================================================
   THERMO TABLE FOR MOLECULE N
 ====================================================================================================
   Elemental Composition:
     N 1.0000
   Formation Enthalpy at 298K =          112.9497 kcal/mol
   Formation Free Gibbs Energy at 298K = 102.0408 kcal/mol
   Molecular Weight =                    14.0070 kg/kmol
 -----------------------------------------------------------------------------------------------------
   Temperature       Cp             H             G            S             DH            DG         
       [K]       [cal/mol/K]    [kcal/mol]    [kcal/mol]  [cal/(mol-K)]  [kcal/mol]     [kcal/mol]    
 -----------------------------------------------------------------------------------------------------
     300.0000      4.9684        112.9597      101.9675      36.6404       0.0099        -0.0732       
     600.0000      4.9670        114.4498      90.3997       40.0835       1.5001        -11.6411      
     800.0000      4.9678        115.4433      82.2333       41.5125       2.4936        -19.8075      
     1000.0000     4.9686        116.4369      73.8158       42.6212       3.4872        -28.2250      
     1200.0000     4.9689        117.4307      65.1982       43.5271       4.4810        -36.8426      
     1400.0000     4.9684        118.4245      56.4142       44.2930       5.4747        -45.6265      
     1600.0000     4.9671        119.4180      47.4878       44.9564       6.4683        -54.5530      
     1800.0000     4.9658        120.4113      38.4369       45.5413       7.4616        -63.6039      
     2000.0000     4.9654        121.4044      29.2754       46.0645       8.4547        -72.7654      
     2200.0000     4.9669        122.3976      20.0144       46.5378       9.4479        -82.0264      
     2400.0000     4.9715        123.3914      10.6630       46.9702       10.4416       -91.3778      
     2600.0000     4.9800        124.3864      1.2286        47.3684       11.4367       -100.8122     
 -----------------------------------------------------------------------------------------------------


 ====================================================================================================
   THERMO TABLE FOR MOLECULE O
 ====================================================================================================
   Elemental Composition:
     O 1.0000
   Formation Enthalpy at 298K =          59.5531 kcal/mol
   Formation Free Gibbs Energy at 298K = 48.0918 kcal/mol
   Molecular Weight =                    15.9990 kg/kmol
 -----------------------------------------------------------------------------------------------------
   Temperature       Cp             H             G            S             DH            DG         
       [K]       [cal/mol/K]    [kcal/mol]    [kcal/mol]  [cal/(mol-K)]  [kcal/mol]     [kcal/mol]    
 -----------------------------------------------------------------------------------------------------
     300.0000      5.2313        59.5635       48.0149       38.4955       0.0105        -0.0770       
     600.0000      5.0456        61.0985       35.8689       42.0493       1.5454        -12.2230      
     800.0000      5.0148        62.1040       27.3073       43.4959       2.5509        -20.7846      
     1000.0000     5.0006        63.1054       18.4921       44.6133       3.5523        -29.5997      
     1200.0000     4.9903        64.1044       9.4756        45.5240       4.5514        -38.6162      
     1400.0000     4.9830        65.1017       0.2919        46.2927       5.5486        -47.7999      
     1600.0000     4.9782        66.0978       -9.0346       46.9577       6.5447        -57.1264      
     1800.0000     4.9758        67.0932       -18.4859      47.5439       7.5401        -66.5778      
     2000.0000     4.9755        68.0882       -28.0480      48.0681       8.5352        -76.1399      
     2200.0000     4.9772        69.0835       -37.7098      48.5424       9.5304        -85.8017      
     2400.0000     4.9810        70.0793       -47.4623      48.9756       10.5262       -95.5541      
     2600.0000     4.9867        71.0760       -57.2978      49.3745       11.5229       -105.3897     
 -----------------------------------------------------------------------------------------------------


 ====================================================================================================
   THERMO TABLE FOR MOLECULE NO3
 ====================================================================================================
   Elemental Composition:
     O 3.0000
     N 1.0000
   Formation Enthalpy at 298K =          16.9907 kcal/mol
   Formation Free Gibbs Energy at 298K = -0.9914 kcal/mol
   Molecular Weight =                    62.0040 kg/kmol
 -----------------------------------------------------------------------------------------------------
   Temperature       Cp             H             G            S             DH            DG         
       [K]       [cal/mol/K]    [kcal/mol]    [kcal/mol]  [cal/(mol-K)]  [kcal/mol]     [kcal/mol]    
 -----------------------------------------------------------------------------------------------------
     300.0000      11.2612       17.0132       -1.1122       60.4178       0.0225        -0.1208       
     600.0000      16.1027       21.2207       -20.7463      69.9449       4.2300        -19.7549      
     800.0000      17.5640       24.6036       -35.2371      74.8009       7.6129        -34.2457      
     1000.0000     18.2999       28.1983       -50.6102      78.8085       11.2076       -49.6188      
     1200.0000     18.7002       31.9016       -66.7185      82.1834       14.9109       -65.7270      
     1400.0000     18.9778       35.6706       -83.4523      85.0878       18.6799       -82.4609      
     1600.0000     19.1924       39.4886       -100.7300     87.6366       22.4979       -99.7385      
     1800.0000     19.3539       43.3440       -118.4885     89.9069       26.3533       -117.4970     
     2000.0000     19.4707       47.2272       -136.6778     91.9525       30.2365       -135.6864     
     2200.0000     19.5511       51.1299       -155.2571     93.8123       34.1392       -154.2657     
     2400.0000     19.6030       55.0457       -174.1923     95.5158       38.0550       -173.2009     
     2600.0000     19.6339       58.9697       -193.4545     97.0862       41.9790       -192.4631     
 -----------------------------------------------------------------------------------------------------


 ====================================================================================================
   THERMO TABLE FOR MOLECULE H
 ====================================================================================================
   Elemental Composition:
     H 1.0000
   Formation Enthalpy at 298K =          52.0924 kcal/mol
   Formation Free Gibbs Energy at 298K = 43.9314 kcal/mol
   Molecular Weight =                    1.0080 kg/kmol
 -----------------------------------------------------------------------------------------------------
   Temperature       Cp             H             G            S             DH            DG         
       [K]       [cal/mol/K]    [kcal/mol]    [kcal/mol]  [cal/(mol-K)]  [kcal/mol]     [kcal/mol]    
 -----------------------------------------------------------------------------------------------------
     300.0000      4.9675        52.1024       43.8766       27.4193       0.0099        -0.0548       
     600.0000      4.9675        53.5926       35.0751       30.8625       1.5002        -8.8563       
     800.0000      4.9675        54.5861       28.7529       32.2916       2.4937        -15.1785      
     1000.0000     4.9675        55.5796       22.1796       33.4000       3.4872        -21.7518      
     1200.0000     4.9675        56.5731       15.4063       34.3057       4.4807        -28.5251      
     1400.0000     4.9675        57.5666       8.4666        35.0714       5.4742        -35.4648      
     1600.0000     4.9675        58.5601       1.3845        35.7348       6.4677        -42.5469      
     1800.0000     4.9675        59.5536       -5.8221       36.3198       7.4612        -49.7535      
     2000.0000     4.9675        60.5471       -13.1393      36.8432       8.4547        -57.0707      
     2200.0000     4.9675        61.5406       -20.5561      37.3167       9.4482        -64.4875      
     2400.0000     4.9675        62.5341       -28.0633      37.7489       10.4417       -71.9947      
     2600.0000     4.9675        63.5276       -35.6534      38.1465       11.4352       -79.5847      
 -----------------------------------------------------------------------------------------------------


 ====================================================================================================
   THERMO TABLE FOR MOLECULE NH
 ====================================================================================================
   Elemental Composition:
     H 1.0000
     N 1.0000
   Formation Enthalpy at 298K =          85.2040 kcal/mol
   Formation Free Gibbs Energy at 298K = 72.3019 kcal/mol
   Molecular Weight =                    15.0150 kg/kmol
 -----------------------------------------------------------------------------------------------------
   Temperature       Cp             H             G            S             DH            DG         
       [K]       [cal/mol/K]    [kcal/mol]    [kcal/mol]  [cal/(mol-K)]  [kcal/mol]     [kcal/mol]    
 -----------------------------------------------------------------------------------------------------
     300.0000      6.9886        85.2180       72.2153       43.3426       0.0140        -0.0866       
     600.0000      7.0397        87.3130       58.4043       48.1812       2.1090        -13.8976      
     800.0000      7.2274        88.7384       48.5543       50.2302       3.5344        -23.7476      
     1000.0000     7.4679        90.2075       38.3392       51.8682       5.0034        -33.9627      
     1200.0000     7.7184        91.7262       27.8238       53.2521       6.5222        -44.4781      
     1400.0000     7.9512        93.2936       17.0501       54.4597       8.0896        -55.2518      
     1600.0000     8.1539        94.9047       6.0487        55.5350       9.7006        -66.2532      
     1800.0000     8.3276        96.5533       -5.1570       56.5057       11.3492       -77.4589      
     2000.0000     8.4783        98.2342       -16.5479      57.3911       13.0302       -88.8498      
     2200.0000     8.6111        99.9434       -28.1087      58.2055       14.7393       -100.4106     
     2400.0000     8.7305        101.6777      -39.8261      58.9599       16.4737       -112.1280     
     2600.0000     8.8401        103.4349      -51.6892      59.6631       18.2309       -123.9911     
 -----------------------------------------------------------------------------------------------------


 ====================================================================================================
   THERMO TABLE FOR MOLECULE NNH
 ====================================================================================================
   Elemental Composition:
     H 1.0000
     N 2.0000
   Formation Enthalpy at 298K =          58.5615 kcal/mol
   Formation Free Gibbs Energy at 298K = 42.5853 kcal/mol
   Molecular Weight =                    29.0220 kg/kmol
 -----------------------------------------------------------------------------------------------------
   Temperature       Cp             H             G            S             DH            DG         
       [K]       [cal/mol/K]    [kcal/mol]    [kcal/mol]  [cal/(mol-K)]  [kcal/mol]     [kcal/mol]    
 -----------------------------------------------------------------------------------------------------
     300.0000      8.3196        58.5781       42.4780       53.6671       0.0166        -0.1073       
     600.0000      9.9079        61.3101       25.3609       59.9154       2.7486        -17.2244      
     800.0000      10.8073       63.3856       13.0699       62.8946       4.8241        -29.5153      
     1000.0000     11.4880       65.6184       0.2355        65.3829       7.0569        -42.3498      
     1200.0000     11.9951       67.9692       -13.0602      67.5246       9.4077        -55.6455      
     1400.0000     12.3695       70.4076       -26.7569      69.4032       11.8461       -69.3422      
     1600.0000     12.6464       72.9106       -40.8077      71.0739       14.3491       -83.3930      
     1800.0000     12.8547       75.4616       -55.1752      72.5760       16.9001       -97.7605      
     2000.0000     13.0173       78.0494       -69.8289      73.9391       19.4879       -112.4141     
     2200.0000     13.1511       80.6666       -84.7432      75.1863       22.1051       -127.3284     
     2400.0000     13.2669       83.3087       -99.8969      76.3356       24.7472       -142.4821     
     2600.0000     13.3695       85.9725       -115.2719     77.4017       27.4110       -157.8571     
 -----------------------------------------------------------------------------------------------------


 ====================================================================================================
   THERMO TABLE FOR MOLECULE OH
 ====================================================================================================
   Elemental Composition:
     H 1.0000
     O 1.0000
   Formation Enthalpy at 298K =          8.9100 kcal/mol
   Formation Free Gibbs Energy at 298K = -4.1805 kcal/mol
   Molecular Weight =                    17.0070 kg/kmol
 -----------------------------------------------------------------------------------------------------
   Temperature       Cp             H             G            S             DH            DG         
       [K]       [cal/mol/K]    [kcal/mol]    [kcal/mol]  [cal/(mol-K)]  [kcal/mol]     [kcal/mol]    
 -----------------------------------------------------------------------------------------------------
     300.0000      6.9466        8.9239        -4.2684       43.9744       0.0139        -0.0879       
     600.0000      7.0802        11.0278       -18.2704      48.8303       2.1178        -14.0898      
     800.0000      7.1957        12.4548       -28.2509      50.8821       3.5448        -24.0703      
     1000.0000     7.3469        13.9085       -38.5949      52.5034       4.9985        -34.4144      
     1200.0000     7.5218        15.3951       -49.2346      53.8581       6.4851        -45.0541      
     1400.0000     7.7061        16.9179       -60.1261      55.0314       8.0079        -55.9456      
     1600.0000     7.8880        18.4774       -71.2384      56.0724       9.5674        -67.0579      
     1800.0000     8.0581        20.0723       -82.5483      57.0114       11.1623       -78.3678      
     2000.0000     8.2098        21.6994       -94.0375      57.8685       12.7894       -89.8570      
     2200.0000     8.3386        23.3547       -105.6911     58.6572       14.4447       -101.5106     
     2400.0000     8.4430        25.0332       -117.4965     59.3874       16.1232       -113.3160     
     2600.0000     8.5237        26.7303       -129.4427     60.0665       17.8203       -125.2622     
 -----------------------------------------------------------------------------------------------------


 ====================================================================================================
   THERMO TABLE FOR MOLECULE HO2
 ====================================================================================================
   Elemental Composition:
     H 1.0000
     O 2.0000
   Formation Enthalpy at 298K =          2.9945 kcal/mol
   Formation Free Gibbs Energy at 298K = -13.3181 kcal/mol
   Molecular Weight =                    33.0060 kg/kmol
 -----------------------------------------------------------------------------------------------------
   Temperature       Cp             H             G            S             DH            DG         
       [K]       [cal/mol/K]    [kcal/mol]    [kcal/mol]  [cal/(mol-K)]  [kcal/mol]     [kcal/mol]    
 -----------------------------------------------------------------------------------------------------
     300.0000      8.2850        3.0111        -13.4276      54.7956       0.0166        -0.1095       
     600.0000      9.9740        5.7684        -30.8909      61.0987       2.7738        -17.5728      
     800.0000      10.7598       7.8453        -43.4193      64.0808       4.8508        -30.1013      
     1000.0000     11.3695       10.0606       -56.4893      66.5499       7.0661        -43.1713      
     1200.0000     11.8650       12.3855       -70.0160      68.6680       9.3910        -56.6980      
     1400.0000     12.2896       14.8019       -83.9395      70.5295       11.8074       -70.6214      
     1600.0000     12.6683       17.2983       -98.2149      72.1957       14.3038       -84.8968      
     1800.0000     13.0101       19.8668       -112.8075     73.7079       16.8722       -99.4895      
     2000.0000     13.3176       22.5001       -127.6897     75.0949       19.5056       -114.3716     
     2200.0000     13.5930       25.1917       -142.8385     76.3774       22.1971       -129.5205     
     2400.0000     13.8378       27.9353       -158.2347     77.5708       24.9407       -144.9167     
     2600.0000     14.0529       30.7248       -173.8617     78.6871       27.7303       -160.5437     
 -----------------------------------------------------------------------------------------------------


 ====================================================================================================
   THERMO TABLE FOR MOLECULE NH2
 ====================================================================================================
   Elemental Composition:
     H 2.0000
     N 1.0000
   Formation Enthalpy at 298K =          45.5025 kcal/mol
   Formation Free Gibbs Energy at 298K = 31.6432 kcal/mol
   Molecular Weight =                    16.0230 kg/kmol
 -----------------------------------------------------------------------------------------------------
   Temperature       Cp             H             G            S             DH            DG         
       [K]       [cal/mol/K]    [kcal/mol]    [kcal/mol]  [cal/(mol-K)]  [kcal/mol]     [kcal/mol]    
 -----------------------------------------------------------------------------------------------------
     300.0000      8.0405        45.5186       31.5501       46.5617       0.0161        -0.0931       
     600.0000      8.8037        48.0304       16.6294       52.3350       2.5279        -15.0137      
     800.0000      9.5010        49.8603       5.8905        54.9622       4.3577        -25.7527      
     1000.0000     10.1828       51.8296       -5.3270       57.1566       6.3271        -36.9702      
     1200.0000     10.7864       53.9280       -16.9534      59.0679       8.4255        -48.5966      
     1400.0000     11.3092       56.1388       -28.9403      60.7708       10.6363       -60.5835      
     1600.0000     11.7650       58.4472       -41.2510      62.3114       12.9447       -72.8941      
     1800.0000     12.1663       60.8412       -53.8561      63.7207       15.3387       -85.4993      
     2000.0000     12.5237       63.3108       -66.7320      65.0214       17.8083       -98.3752      
     2200.0000     12.8460       65.8483       -79.8586      66.2304       20.3458       -111.5018     
     2400.0000     13.1402       68.4474       -93.2190      67.3610       22.9448       -124.8621     
     2600.0000     13.4117       71.1029       -106.7985     68.4236       25.6004       -138.4416     
 -----------------------------------------------------------------------------------------------------


 ====================================================================================================
   THERMO TABLE FOR MOLECULE H2NO
 ====================================================================================================
   Elemental Composition:
     H 2.0000
     O 1.0000
     N 1.0000
   Formation Enthalpy at 298K =          15.8838 kcal/mol
   Formation Free Gibbs Energy at 298K = -0.9664 kcal/mol
   Molecular Weight =                    32.0220 kg/kmol
 -----------------------------------------------------------------------------------------------------
   Temperature       Cp             H             G            S             DH            DG         
       [K]       [cal/mol/K]    [kcal/mol]    [kcal/mol]  [cal/(mol-K)]  [kcal/mol]     [kcal/mol]    
 -----------------------------------------------------------------------------------------------------
     300.0000      8.4914        15.9008       -1.0795       56.6011       0.0170        -0.1131       
     600.0000      11.5231       18.9083       -19.1491      63.4289       3.0244        -18.1827      
     800.0000      13.3357       21.3981       -32.2001      66.9978       5.5143        -31.2338      
     1000.0000     14.8756       24.2242       -45.9204      70.1446       8.3404        -44.9540      
     1200.0000     16.1081       27.3278       -60.2367      72.9704       11.4439       -59.2703      
     1400.0000     17.0461       30.6478       -75.0906      75.5274       14.7639       -74.1242      
     1600.0000     17.7273       34.1291       -90.4321      77.8507       18.2452       -89.4657      
     1800.0000     18.1911       37.7242       -106.2171     79.9674       21.8404       -105.2508     
     2000.0000     18.4770       41.3937       -122.4068     81.9002       25.5098       -121.4404     
     2200.0000     18.6240       45.1058       -138.9663     83.6691       29.2219       -137.9999     
     2400.0000     18.6712       48.8366       -155.8647     85.2922       32.9528       -154.8983     
     2600.0000     18.6574       52.5702       -173.0746     86.7865       36.6863       -172.1082     
 -----------------------------------------------------------------------------------------------------


 ====================================================================================================
   THERMO TABLE FOR MOLECULE N2H3
 ====================================================================================================
   Elemental Composition:
     H 3.0000
     N 2.0000
   Formation Enthalpy at 298K =          36.7697 kcal/mol
   Formation Free Gibbs Energy at 298K = 20.4999 kcal/mol
   Molecular Weight =                    31.0380 kg/kmol
 -----------------------------------------------------------------------------------------------------
   Temperature       Cp             H             G            S             DH            DG         
       [K]       [cal/mol/K]    [kcal/mol]    [kcal/mol]  [cal/(mol-K)]  [kcal/mol]     [kcal/mol]    
 -----------------------------------------------------------------------------------------------------
     300.0000      10.5116       36.7906       20.3906       54.6668       0.0210        -0.1093       
     600.0000      15.1632       40.6921       2.5951        63.4950       3.9224        -17.9048      
     800.0000      17.3121       43.9500       -10.5831      68.1664       7.1803        -31.0830      
     1000.0000     18.9306       47.5817       -24.6299      72.2116       10.8120       -45.1298      
     1200.0000     20.1736       51.4973       -39.4359      75.7776       14.7276       -59.9358      
     1400.0000     21.1571       55.6339       -54.9157      78.9640       18.8642       -75.4156      
     1600.0000     21.9583       59.9480       -71.0011      81.8432       23.1784       -91.5009      
     1800.0000     22.6173       64.4078       -87.6361      84.4688       27.6381       -108.1360     
     2000.0000     23.1529       68.9867       -104.7744     86.8805       32.2171       -125.2742     
     2200.0000     23.5816       73.6618       -122.3761     89.1081       36.8922       -142.8760     
     2400.0000     23.9192       78.4133       -140.4069     91.1751       41.6436       -160.9068     
     2600.0000     24.1810       83.2245       -158.8367     93.1004       46.4548       -179.3366     
 -----------------------------------------------------------------------------------------------------


 ====================================================================================================
   THERMO TABLE FOR MOLECULE HCO
 ====================================================================================================
   Elemental Composition:
     C 1.0000
     H 1.0000
     O 1.0000
   Formation Enthalpy at 298K =          10.3985 kcal/mol
   Formation Free Gibbs Energy at 298K = -5.5907 kcal/mol
   Molecular Weight =                    29.0180 kg/kmol
 -----------------------------------------------------------------------------------------------------
   Temperature       Cp             H             G            S             DH            DG         
       [K]       [cal/mol/K]    [kcal/mol]    [kcal/mol]  [cal/(mol-K)]  [kcal/mol]     [kcal/mol]    
 -----------------------------------------------------------------------------------------------------
     300.0000      8.2661        10.4150       -5.6980       53.7102       0.0165        -0.1074       
     600.0000      9.7950        13.1210       -22.8197      59.9010       2.7224        -17.2290      
     800.0000      10.7345       15.1768       -35.1045      62.8517       4.7783        -29.5139      
     1000.0000     11.4754       17.4012       -47.9292      65.3304       7.0027        -42.3385      
     1200.0000     12.0296       19.7545       -61.2145      67.4741       9.3560        -55.6238      
     1400.0000     12.4383       22.2034       -74.9018      69.3608       11.8049       -69.3111      
     1600.0000     12.7376       24.7225       -88.9452      71.0423       14.3240       -83.3545      
     1800.0000     12.9584       27.2932       -103.3075     72.5560       16.8947       -97.7169      
     2000.0000     13.1256       29.9023       -117.9583     73.9303       19.5038       -112.3676     
     2200.0000     13.2591       32.5412       -132.8718     75.1878       22.1427       -127.2812     
     2400.0000     13.3729       35.2047       -148.0268     76.3464       24.8062       -142.4361     
     2600.0000     13.4755       37.8896       -163.4048     77.4209       27.4911       -157.8142     
 -----------------------------------------------------------------------------------------------------


