------------------------------
  Elements     Atomic Weight  
------------------------------
  1.	H          1.00800002
  2.	O         15.99899960
  3.	N         14.00699997
------------------------------


------------------------------------------------------------------------------------------------------
                                                Molecular        Temperature        Elements
  Species                  Phase  Charge         weight         Low      High       H       O       N
------------------------------------------------------------------------------------------------------
    1. H2                    G      0            2.016000    300.00   4000.00       2       0       0
    2. O2                    G      0           31.997999    300.00   4000.00       0       2       0
    3. H2O                   G      0           18.015000    300.00   4000.00       2       1       0
    4. N2                    G      0           28.014000    300.00   4000.00       0       0       2
------------------------------------------------------------------------------------------------------

------------------------------------------------------------------------------------------------------------------
  Species                  Shape       eps/kb          sigma             mu           alfa        zRot298         
------------------------------------------------------------------------------------------------------------------
    1. H2                    1        38.0000         2.9200         0.0000         0.7900       280.0000
    2. O2                    1       107.4000         3.4580         0.0000         1.6000         3.8000
    3. H2O                   2       572.4000         2.6050         1.8440         0.0000         4.0000
    4. N2                    1        97.5300         3.6210         0.0000         1.7600         4.0000
------------------------------------------------------------------------------------------------------------------


---------------------------------------------------------------------------------------
                                  CHEMICAL REACTIONS                                   

                         Units: [kmol, m3, s] and [cal/mol]                            
---------------------------------------------------------------------------------------


      1. H2 + 0.5O2  => H2O 
         k:       1.000000e+009	    0.00      20000.00


