 ====================================================================================================
   THERMO TABLE FOR MOLECULE H2
 ====================================================================================================
   Elemental Composition:
     H 2
   Formation Enthalpy at 298K =          -0.000449976 kcal/mol
   Formation Free Gibbs Energy at 298K = -9.29996 kcal/mol
   Molecular Weight =                    2.016 kg/kmol
 -----------------------------------------------------------------------------------------------------
   Temperature       Cp             H             G            S             DH            DG         
       [K]       [cal/mol/K]    [kcal/mol]    [kcal/mol]  [cal/(mol-K)]  [kcal/mol]     [kcal/mol]    
 -----------------------------------------------------------------------------------------------------
     300.0000      6.9011        0.0134        -9.3624       31.2526       0.0138        -0.0625       
     600.0000      7.0202        2.1054        -19.5435      36.0814       2.1058        -10.2435      
     800.0000      7.0693        3.5138        -26.9718      38.1069       3.5142        -17.6718      
     1000.0000     7.2078        4.9390        -34.7575      39.6965       4.9394        -25.4576      
     1200.0000     7.4268        6.4027        -42.8336      41.0302       6.4031        -33.5336      
     1400.0000     7.6337        7.9089        -51.1581      42.1907       7.9094        -41.8582      
     1600.0000     7.8285        9.4553        -59.7014      43.2229       9.4558        -50.4014      
     1800.0000     8.0111        11.0395       -68.4407      44.1557       11.0399       -59.1407      
     2000.0000     8.1818        12.6590       -77.3583      45.0087       12.6594       -68.0584      
     2200.0000     8.3408        14.3114       -86.4398      45.7960       14.3119       -77.1398      
     2400.0000     8.4884        15.9945       -95.6731      46.5282       15.9950       -86.3731      
     2600.0000     8.6252        17.7061       -105.0479     47.2131       17.7065       -95.7480      
 -----------------------------------------------------------------------------------------------------


 ====================================================================================================
   THERMO TABLE FOR MOLECULE O2
 ====================================================================================================
   Elemental Composition:
     O 2.0000
   Formation Enthalpy at 298K =          -0.0013 kcal/mol
   Formation Free Gibbs Energy at 298K = -14.6027 kcal/mol
   Molecular Weight =                    31.9980 kg/kmol
 -----------------------------------------------------------------------------------------------------
   Temperature       Cp             H             G            S             DH            DG         
       [K]       [cal/mol/K]    [kcal/mol]    [kcal/mol]  [cal/(mol-K)]  [kcal/mol]     [kcal/mol]    
 -----------------------------------------------------------------------------------------------------
     300.0000      7.0096        0.0128        -14.7008      49.0452       0.0140        -0.0980       
     600.0000      7.6546        2.2114        -30.2483      54.0995       2.2127        -15.6455      
     800.0000      8.0674        3.7847        -41.3030      56.3597       3.7860        -26.7003      
     1000.0000     8.3490        5.4298        -52.7642      58.1939       5.4310        -38.1614      
     1200.0000     8.5060        7.1155        -64.5608      59.7302       7.1167        -49.9580      
     1400.0000     8.6516        8.8314        -76.6420      61.0525       8.8327        -62.0393      
     1600.0000     8.7869        10.5755       -88.9713      62.2167       10.5767       -74.3685      
     1800.0000     8.9130        12.3456       -101.5206     63.2590       12.3469       -86.9179      
     2000.0000     9.0308        14.1401       -114.2684     64.2043       14.1414       -99.6657      
     2200.0000     9.1411        15.9574       -127.1971     65.0702       15.9587       -112.5943     
     2400.0000     9.2448        17.7961       -140.2921     65.8701       17.7974       -125.6893     
     2600.0000     9.3426        19.6549       -153.5414     66.6140       19.6562       -138.9386     
 -----------------------------------------------------------------------------------------------------


 ====================================================================================================
   THERMO TABLE FOR MOLECULE H2O
 ====================================================================================================
   Elemental Composition:
     H 2.0000
     O 1.0000
   Formation Enthalpy at 298K =          -57.7979 kcal/mol
   Formation Free Gibbs Energy at 298K = -71.2364 kcal/mol
   Molecular Weight =                    18.0150 kg/kmol
 -----------------------------------------------------------------------------------------------------
   Temperature       Cp             H             G            S             DH            DG         
       [K]       [cal/mol/K]    [kcal/mol]    [kcal/mol]  [cal/(mol-K)]  [kcal/mol]     [kcal/mol]    
 -----------------------------------------------------------------------------------------------------
     300.0000      7.9982        -57.7819      -71.3266      45.1490       0.0160        -0.0902       
     600.0000      8.6723        -55.2808      -85.8217      50.9016       2.5171        -14.5854      
     800.0000      9.2217        -53.4937      -96.2684      53.4683       4.3042        -25.0320      
     1000.0000     9.8736        -51.5849      -107.1802     55.5954       6.2130        -35.9438      
     1200.0000     10.4850       -49.5476      -118.4886     57.4509       8.2503        -47.2522      
     1400.0000     11.0176       -47.3961      -130.1474     59.1081       10.4018       -58.9110      
     1600.0000     11.4795       -45.1453      -142.1216     60.6102       12.6526       -70.8852      
     1800.0000     11.8787       -42.8085      -154.3831     61.9859       14.9894       -83.1467      
     2000.0000     12.2224       -40.3975      -166.9089     63.2557       17.4004       -95.6725      
     2200.0000     12.5174       -37.9228      -179.6793     64.4348       19.8751       -108.4429     
     2400.0000     12.7701       -35.3934      -192.6775     65.5351       22.4045       -121.4411     
     2600.0000     12.9863       -32.8172      -205.8887     66.5660       24.9807       -134.6523     
 -----------------------------------------------------------------------------------------------------


 ====================================================================================================
   THERMO TABLE FOR MOLECULE N2
 ====================================================================================================
   Elemental Composition:
     N 2.0000
   Formation Enthalpy at 298K =          -0.0007 kcal/mol
   Formation Free Gibbs Energy at 298K = -13.6385 kcal/mol
   Molecular Weight =                    28.0140 kg/kmol
 -----------------------------------------------------------------------------------------------------
   Temperature       Cp             H             G            S             DH            DG         
       [K]       [cal/mol/K]    [kcal/mol]    [kcal/mol]  [cal/(mol-K)]  [kcal/mol]     [kcal/mol]    
 -----------------------------------------------------------------------------------------------------
     300.0000      6.9485        0.0132        -13.7300      45.8108       0.0139        -0.0916       
     600.0000      7.1901        2.1285        -28.2849      50.6890       2.1292        -14.6465      
     800.0000      7.5026        3.5960        -38.6422      52.7977       3.5967        -25.0037      
     1000.0000     7.8295        5.1309        -49.3780      54.5089       5.1316        -35.7395      
     1200.0000     8.0555        6.7201        -60.4283      55.9570       6.7208        -46.7898      
     1400.0000     8.2395        8.3503        -71.7480      57.2131       8.3510        -58.1096      
     1600.0000     8.3880        10.0136       -83.3038      58.3234       10.0143       -69.6653      
     1800.0000     8.5065        11.7035       -95.0697      59.3184       11.7042       -81.4312      
     2000.0000     8.6005        13.4146       -107.0250     60.2198       13.4153       -93.3865      
     2200.0000     8.6746        15.1424       -119.1524     61.0431       15.1431       -105.5140     
     2400.0000     8.7331        16.8834       -131.4378     61.8005       16.8841       -117.7993     
     2600.0000     8.7796        18.6348       -143.8689     62.5014       18.6355       -130.2304     
 -----------------------------------------------------------------------------------------------------


