 ----------------------------------------------------------------------------------------------------------------------------------------------------------------------------------------------------------------------------------------------------------
                     SPECIFIC HEAT COEFFICIENTS                                                                     

             Cp = A + B*T + C*T^2 + D*T^3 + E*T^4  [J/kg/K]                                                         

    Species                      Cp(298K)         Cp(1000K)          LT-HT            A(LT)            B(LT)            C(LT)            D(LT)            E(LT)             A(HT)           B(HT)            C(HT)            D(HT)           E(HT)      
 ----------------------------------------------------------------------------------------------------------------------------------------------------------------------------------------------------------------------------------------------------------

    1. H2                      1.432099e+004    1.496067e+004    1.000000e+003    1.360225e+004    3.402265e+000   -3.358372e-003   -3.907894e-007    1.705319e-009    1.233733e+004    2.887232e+000   -2.323524e-004   -3.807322e-008    6.527644e-012
    2. O2                      9.161200e+002    1.091817e+003    1.000000e+003    8.348595e+002    2.929696e-001   -1.495696e-004    3.414020e-007   -2.278449e-010    9.607902e+002    1.594189e-001   -3.271015e-005    4.612947e-009   -2.952949e-013
    3. H2O                     1.856601e+003    2.293398e+003    1.000000e+003    1.563129e+003    1.603808e+000   -2.932883e-003    3.216209e-006   -1.156865e-009    1.233275e+003    1.410571e+000   -4.029277e-004    5.542956e-008   -2.949923e-012
    4. N2                      1.037719e+003    1.169485e+003    1.000000e+003    9.790364e+002    4.179609e-001   -1.176271e-003    1.674383e-006   -7.256245e-010    8.686164e+002    4.416266e-001   -1.687218e-004    2.996768e-008   -2.004372e-012

 ----------------------------------------------------------------------------------------------------------------------------------------------------------------------------------------------------------------------------------------------------------


 -------------------------------------------------------------------------------------------------------------------------------------------------------------------------------------------------------------------------------------------------------------------------------------------
                           ENTHALPY COEFFICIENTS                                                                     

             H/(RT) = A + B*T + C*T^2 + D*T^3 + E*T^4 + F/T  [-]                                                         

    Species                   H(298K)[J/kmol]  H(1000K)[J/kmol]      LT-HT            A(LT)            B(LT)            C(LT)            D(LT)            E(LT)           F(LT)             A(HT)            B(HT)            C(HT)           D(HT)             E(HT)            F(HT)      
 -------------------------------------------------------------------------------------------------------------------------------------------------------------------------------------------------------------------------------------------------------------------------------------------

    1. H2                     -1.882892e+003    2.066684e+007    1.000000e+003    3.298124e+000    4.124721e-004   -2.714338e-007   -2.368859e-011    8.269744e-014   -1.012521e+003    2.991422e+000    3.500322e-004   -1.877943e-008   -2.307895e-012    3.165504e-016   -8.350335e+002
    2. O2                     -5.244966e+003    2.272057e+007    1.000000e+003    3.212936e+000    5.637431e-004   -1.918717e-007    3.284693e-010   -1.753711e-013   -1.005249e+003    3.697577e+000    3.067598e-004   -4.196140e-008    4.438203e-012   -2.272870e-016   -1.233930e+003
    3. H2O                    -2.418513e+008   -2.158533e+008    1.000000e+003    3.386842e+000    1.737491e-003   -2.118232e-006    1.742145e-009   -5.013176e-013   -3.020811e+004    2.672146e+000    1.528146e-003   -2.910087e-007    3.002490e-011   -1.278324e-015   -2.989921e+004
    4. N2                     -2.931729e+003    2.146986e+007    1.000000e+003    3.298677e+000    7.041200e-004   -1.321074e-006    1.410379e-009   -4.889708e-013   -1.020900e+003    2.926638e+000    7.439885e-004   -1.894920e-007    2.524260e-011   -1.350670e-015   -9.227954e+002

 -------------------------------------------------------------------------------------------------------------------------------------------------------------------------------------------------------------------------------------------------------------------------------------------


 -------------------------------------------------------------------------------------------------------------------------------------------------------------------------------------------------------------------------------------------------------------------------------------------
                             ENTROPY COEFFICIENTS                                                                     

             S/R = A*lnT + B*T + C*T^2 + D*T^3 + E*T^4 + F  [-]                                                         

    Species                 S(298K)[J/kmol/K] S(1000K)[J/kmol/K]     LT-HT            A(LT)            B(LT)            C(LT)            D(LT)            E(LT)           F(LT)             A(HT)            B(HT)            C(HT)           D(HT)             E(HT)            F(HT)      
 -------------------------------------------------------------------------------------------------------------------------------------------------------------------------------------------------------------------------------------------------------------------------------------------

    1. H2                      1.305810e+005    1.661073e+005    1.000000e+003    3.298124e+000    8.249441e-004   -4.071507e-007   -3.158478e-011    1.033718e-013   -3.294094e+000    2.991422e+000    7.000644e-004   -2.816914e-008   -3.077193e-012    3.956880e-016   -1.355106e+000
    2. O2                      2.050299e+005    2.435085e+005    1.000000e+003    3.212936e+000    1.127486e-003   -2.878075e-007    4.379590e-010   -2.192138e-013    6.034739e+000    3.697577e+000    6.135197e-004   -6.294210e-008    5.917603e-012   -2.841088e-016    3.189171e+000
    3. H2O                     1.886992e+005    2.326349e+005    1.000000e+003    3.386842e+000    3.474982e-003   -3.177348e-006    2.322860e-009   -6.266470e-013    2.590232e+000    2.672146e+000    3.056293e-003   -4.365130e-007    4.003320e-011   -1.597904e-015    6.862811e+000
    4. N2                      1.914976e+005    2.280885e+005    1.000000e+003    3.298677e+000    1.408240e-003   -1.981611e-006    1.880505e-009   -6.112135e-013    3.950372e+000    2.926638e+000    1.487977e-003   -2.842380e-007    3.365680e-011   -1.688338e-015    5.980540e+000

 -------------------------------------------------------------------------------------------------------------------------------------------------------------------------------------------------------------------------------------------------------------------------------------------


