------------------------------
  Elements     Atomic Weight  
------------------------------
  1.	C         12.01099968
  2.	H          1.00800002
  3.	O         15.99899960
  4.	N         14.00699997
  5.	AR        39.94800186
  6.	HE         4.00299978
------------------------------


------------------------------------------------------------------------------------------------------------------------------
                                                Molecular        Temperature        Elements
  Species                  Phase  Charge         weight         Low      High       C       H       O       N      AR      HE
------------------------------------------------------------------------------------------------------------------------------
    1. H2                    G      0            2.016000    300.00   3500.00       0       2       0       0       0       0
    2. O2                    G      0           31.997999    300.00   3500.00       0       0       2       0       0       0
    3. H2O                   G      0           18.015000    300.00   3500.00       0       2       1       0       0       0
    4. H2O2                  G      0           34.013999    300.00   3500.00       0       2       2       0       0       0
    5. O                     G      0           15.999000    300.00   3500.00       0       0       1       0       0       0
    6. H                     G      0            1.008000    300.00   3500.00       0       1       0       0       0       0
    7. OH                    G      0           17.007000    300.00   3500.00       0       1       1       0       0       0
    8. HO2                   G      0           33.005999    300.00   3500.00       0       1       2       0       0       0
    9. CO                    G      0           28.009999    300.00   3500.00       1       0       1       0       0       0
   10. CO2                   G      0           44.008999    300.00   3500.00       1       0       2       0       0       0
   11. HCO                   G      0           29.017999    300.00   3500.00       1       1       1       0       0       0
   12. HE                    G      0            4.003000    300.00   3500.00       0       0       0       0       0       1
   13. AR                    G      0           39.948002    300.00   3500.00       0       0       0       0       1       0
   14. N2                    G      0           28.014000    300.00   3500.00       0       0       0       2       0       0
------------------------------------------------------------------------------------------------------------------------------

------------------------------------------------------------------------------------------------------------------------------
                                                Molecular        Temperature        Elements
  Species                  Phase  Charge         weight         Low      High       C       H       O       N      AR      HE
------------------------------------------------------------------------------------------------------------------------------
   12. HE                    G      0            4.003000    300.00   3500.00       0       0       0       0       0       1
   13. AR                    G      0           39.948002    300.00   3500.00       0       0       0       0       1       0
   14. N2                    G      0           28.014000    300.00   3500.00       0       0       0       2       0       0
    5. O                     G      0           15.999000    300.00   3500.00       0       0       1       0       0       0
    2. O2                    G      0           31.997999    300.00   3500.00       0       0       2       0       0       0
    6. H                     G      0            1.008000    300.00   3500.00       0       1       0       0       0       0
    7. OH                    G      0           17.007000    300.00   3500.00       0       1       1       0       0       0
    8. HO2                   G      0           33.005999    300.00   3500.00       0       1       2       0       0       0
    1. H2                    G      0            2.016000    300.00   3500.00       0       2       0       0       0       0
    3. H2O                   G      0           18.015000    300.00   3500.00       0       2       1       0       0       0
    4. H2O2                  G      0           34.013999    300.00   3500.00       0       2       2       0       0       0
    9. CO                    G      0           28.009999    300.00   3500.00       1       0       1       0       0       0
   10. CO2                   G      0           44.008999    300.00   3500.00       1       0       2       0       0       0
   11. HCO                   G      0           29.017999    300.00   3500.00       1       1       1       0       0       0
------------------------------------------------------------------------------------------------------------------------------

------------------------------------------------------------------------------------------------------------------
  Species                  Shape       eps/kb          sigma             mu           alfa        zRot298         
------------------------------------------------------------------------------------------------------------------
    1. H2                    1        38.0000         2.9200         0.0000         0.7900       280.0000
    2. O2                    1       107.4000         3.4580         0.0000         1.6000         3.8000
    3. H2O                   2       572.4000         2.6050         1.8440         0.0000         4.0000
    4. H2O2                  2       107.4000         3.4580         0.0000         0.0000         3.8000
    5. O                     0        80.0000         2.7500         0.0000         0.0000         0.0000
    6. H                     0       145.0000         2.0500         0.0000         0.0000         0.0000
    7. OH                    1        80.0000         2.7500         0.0000         0.0000         0.0000
    8. HO2                   2       107.4000         3.4580         0.0000         0.0000         1.0000
    9. CO                    1        98.1000         3.6500         0.0000         1.9500         1.8000
   10. CO2                   1       244.0000         3.7630         0.0000         2.6500         2.1000
   11. HCO                   2       498.0000         3.5900         0.0000         0.0000         0.0000
   12. HE                    0        10.2000         2.5760         0.0000         0.0000         0.0000
   13. AR                    0       136.5000         3.3300         0.0000         0.0000         0.0000
   14. N2                    1        97.5300         3.6210         0.0000         1.7600         4.0000
------------------------------------------------------------------------------------------------------------------


------------------------------------------------------------------------------------------------------------------
  Species                  Shape       eps/kb          sigma             mu           alfa        zRot298         
------------------------------------------------------------------------------------------------------------------
    1. H2                    1        38.0000         2.9200         0.0000         0.7900       280.0000
    2. O2                    1       107.4000         3.4580         0.0000         1.6000         3.8000
    3. H2O                   2       572.4000         2.6050         1.8440         0.0000         4.0000
    4. H2O2                  2       107.4000         3.4580         0.0000         0.0000         3.8000
    5. O                     0        80.0000         2.7500         0.0000         0.0000         0.0000
    6. H                     0       145.0000         2.0500         0.0000         0.0000         0.0000
    7. OH                    1        80.0000         2.7500         0.0000         0.0000         0.0000
    8. HO2                   2       107.4000         3.4580         0.0000         0.0000         1.0000
    9. CO                    1        98.1000         3.6500         0.0000         1.9500         1.8000
   10. CO2                   1       244.0000         3.7630         0.0000         2.6500         2.1000
   11. HCO                   2       498.0000         3.5900         0.0000         0.0000         0.0000
   12. HE                    0        10.2000         2.5760         0.0000         0.0000         0.0000
   13. AR                    0       136.5000         3.3300         0.0000         0.0000         0.0000
   14. N2                    1        97.5300         3.6210         0.0000         1.7600         4.0000
------------------------------------------------------------------------------------------------------------------


---------------------------------------------------------------------------------------
                                  CHEMICAL REACTIONS                                   

                          Units: [mol, cm3, s] and [cal/mol]                           
---------------------------------------------------------------------------------------


      1. O2 + H  = O + OH 
         k:       9.600000e+14	   -0.20      16625.00


      2. H2 + O  = H + OH 
         k:       4.330000e+13	    0.00      10000.00


      3. O2 + H (+M)  = HO2 (+M) 
         Fall-off (Troe)
         k0:      8.400000e+17	   -0.80          0.00
         kInf:    5.580000e+12	    0.40          0.00
         Troe Parameters
         a    5.00e-01
         T*** 1.00e-30
         T*   1.00e+30
         T**  0.00e+00
         Third body efficiencies
         H2O                 	enhanced by	  18.000
         H2                  	enhanced by	   2.500
         N2                  	enhanced by	   1.260
         AR                  	enhanced by	   0.800
         HE                  	enhanced by	   0.800
         CO                  	enhanced by	   1.200
         CO2                 	enhanced by	   2.400


      4. OH + HO2  = O2 + H2O 
         k:       5.000000e+13	    0.00       1000.00


      5. H + HO2  = 2OH 
         k:       2.500000e+14	    0.00       1900.00


      6. O + HO2  = O2 + OH 
         k:       3.250000e+13	    0.00          0.00


      7. 2OH  = H2O + O 
         k:       3.570000e+04	    2.40      -2110.00


      8. H2 +M  = 2H +M 
         k:       1.115000e+14	    0.00      96081.00
         Third body efficiencies
         H2                  	enhanced by	   2.500
         H2O                 	enhanced by	  12.000
         AR                  	enhanced by	   0.500
         CO                  	enhanced by	   1.900
         CO2                 	enhanced by	   3.800


      9. O2 +M  = 2O +M 
         k:       1.550000e+14	    0.00     115120.00
         Third body efficiencies
         H2                  	enhanced by	   2.500
         H2O                 	enhanced by	  12.000
         AR                  	enhanced by	   0.200
         HE                  	enhanced by	   0.200
         CO                  	enhanced by	   1.900
         CO2                 	enhanced by	   3.800


     10. H + OH +M  = H2O +M 
         k:       4.500000e+22	   -2.00          0.00
         Third body efficiencies
         H2O                 	enhanced by	  16.000
         H2                  	enhanced by	   2.000
         CO2                 	enhanced by	   1.900


     11. H + HO2  = H2 + O2 
         k:       2.500000e+13	    0.00        700.00


     12. 2HO2  = O2 + H2O2 
         k:       2.110000e+12	    0.00          0.00


     13. 2OH (+M)  = H2O2 (+M) 
         Fall-off (Troe)
         k0:      1.300000e+18	   -0.90      -1700.00
         kInf:    7.400000e+13	   -0.37          0.00
         Troe Parameters
         a    7.35e-01
         T*** 9.40e+01
         T*   1.76e+03
         T**  5.18e+03
         Third body efficiencies
         H2                  	enhanced by	   2.000
         H2O                 	enhanced by	   6.000
         CO                  	enhanced by	   1.500
         CO2                 	enhanced by	   2.000
         AR                  	enhanced by	   0.700
         HE                  	enhanced by	   0.700
         N2                  	enhanced by	   0.900


     14. O + OH +M  = HO2 +M 
         k:       1.000000e+16	    0.00          0.00


     15. O2 + CO  = O + CO2 
         k:       2.530000e+12	    0.00      47700.00


     16. O2 + HCO  = HO2 + CO 
         k:       3.000000e+12	    0.00          0.00


     17. O + CO (+M)  = CO2 (+M) 
         Fall-off (Lindemann)
         k0:      2.070000e+26	   -3.34       7610.00
         kInf:    9.640000e+10	    0.00       3800.00
         Third body efficiencies
         H2O                 	enhanced by	  12.000
         H2                  	enhanced by	   2.000
         CO                  	enhanced by	   1.500
         CO2                 	enhanced by	   2.000
         AR                  	enhanced by	   0.500


     18. OH + CO  = H + CO2 
         k:       9.600000e+11	    0.14       7352.00


     19. OH + CO  = H + CO2 
         k:       7.320000e+10	    0.03        -16.00


     20. HO2 + CO  = OH + CO2 
         k:       3.000000e+13	    0.00      23000.00


     21. H2O + CO  = H2 + CO2 
         k:       2.000000e+11	    0.00      38000.00


     22. HCO +M  = H + CO +M 
         k:       1.200000e+17	   -1.00      17000.00
         Third body efficiencies
         H2O                 	enhanced by	   5.000
         CO2                 	enhanced by	   3.000
         H2                  	enhanced by	   1.900
         CO                  	enhanced by	   1.900


     23. O + HCO  = H + CO2 
         k:       3.000000e+13	    0.00          0.00


     24. H + HCO  = H2 + CO 
         k:       5.000000e+13	    0.00          0.00


     25. OH + HCO  = H2O + CO 
         k:       5.000000e+13	    0.00          0.00


     26. HO2 + HCO  = H2O2 + CO 
         k:       4.000000e+11	    0.00          0.00


     27. HO2 + HCO  => H + OH + CO2 
         k:       3.000000e+13	    0.00          0.00


     28. H2O + H  = H2 + OH 
         k:       4.800000e+10	    1.00      19000.00


     29. H2O2 + H  = H2O + OH 
         k:       2.410000e+13	    0.00       3970.00


     30. H2O2 + H  = H2 + HO2 
         k:       6.025000e+13	    0.00       7950.00


     31. H2O + HO2  => H2O2 + OH 
         k:       5.388000e+05	    2.00      28780.05


     32. H2O2 + OH  => H2O + HO2 
         k:       3.195000e+05	    2.00      -4169.95


     33. H2O2 + O  => OH + HO2 
         k:       1.083000e+06	    2.00      -1657.32


