 ====================================================================================================
   THERMO TABLE FOR MOLECULE HE
 ====================================================================================================
   Elemental Composition:
     HE 1
   Formation Enthalpy at 298K =          -0.000745125 kcal/mol
   Formation Free Gibbs Energy at 298K = -8.98416 kcal/mol
   Molecular Weight =                    4.003 kg/kmol
 -----------------------------------------------------------------------------------------------------
   Temperature       Cp             H             G            S             DH            DG         
       [K]       [cal/mol/K]    [kcal/mol]    [kcal/mol]  [cal/(mol-K)]  [kcal/mol]     [kcal/mol]    
 -----------------------------------------------------------------------------------------------------
     300.0000      4.9675        0.0092        -9.0445       30.1789       0.0099        -0.0603       
     600.0000      4.9675        1.4994        -18.6738      33.6221       1.5002        -9.6897       
     800.0000      4.9675        2.4929        -25.5480      35.0512       2.4937        -16.5638      
     1000.0000     4.9675        3.4864        -32.6732      36.1596       3.4872        -23.6890      
     1200.0000     4.9675        4.4799        -39.9985      37.0653       4.4807        -31.0143      
     1400.0000     4.9675        5.4734        -47.4901      37.8311       5.4742        -38.5059      
     1600.0000     4.9675        6.4669        -55.1241      38.4944       6.4677        -46.1399      
     1800.0000     4.9675        7.4604        -62.8826      39.0795       7.4612        -53.8985      
     2000.0000     4.9675        8.4539        -70.7518      39.6029       8.4547        -61.7676      
     2200.0000     4.9675        9.4474        -78.7204      40.0763       9.4482        -69.7363      
     2400.0000     4.9675        10.4409       -86.7796      40.5085       10.4417       -77.7954      
     2600.0000     4.9675        11.4344       -94.9216      40.9062       11.4352       -85.9374      
 -----------------------------------------------------------------------------------------------------


 ====================================================================================================
   THERMO TABLE FOR MOLECULE AR
 ====================================================================================================
   Elemental Composition:
     AR 1.0000
   Formation Enthalpy at 298K =          -0.0007 kcal/mol
   Formation Free Gibbs Energy at 298K = -11.0195 kcal/mol
   Molecular Weight =                    39.9480 kg/kmol
 -----------------------------------------------------------------------------------------------------
   Temperature       Cp             H             G            S             DH            DG         
       [K]       [cal/mol/K]    [kcal/mol]    [kcal/mol]  [cal/(mol-K)]  [kcal/mol]     [kcal/mol]    
 -----------------------------------------------------------------------------------------------------
     300.0000      4.9675        0.0092        -11.0934      37.0088       0.0099        -0.0740       
     600.0000      4.9675        1.4994        -22.7718      40.4520       1.5002        -11.7523      
     800.0000      4.9675        2.4929        -31.0119      41.8810       2.4937        -19.9924      
     1000.0000     4.9675        3.4864        -39.5031      42.9895       3.4872        -28.4836      
     1200.0000     4.9675        4.4799        -48.1943      43.8952       4.4807        -37.1748      
     1400.0000     4.9675        5.4734        -57.0519      44.6609       5.4742        -46.0324      
     1600.0000     4.9675        6.4669        -66.0519      45.3243       6.4677        -55.0324      
     1800.0000     4.9675        7.4604        -75.1764      45.9093       7.4612        -64.1569      
     2000.0000     4.9675        8.4539        -84.4115      46.4327       8.4547        -73.3920      
     2200.0000     4.9675        9.4474        -93.7461      46.9062       9.4482        -82.7267      
     2400.0000     4.9675        10.4409       -103.1712     47.3384       10.4417       -92.1518      
     2600.0000     4.9675        11.4344       -112.6792     47.7360       11.4352       -101.6597     
 -----------------------------------------------------------------------------------------------------


 ====================================================================================================
   THERMO TABLE FOR MOLECULE N2
 ====================================================================================================
   Elemental Composition:
     N 2.0000
   Formation Enthalpy at 298K =          0.0009 kcal/mol
   Formation Free Gibbs Energy at 298K = -13.6378 kcal/mol
   Molecular Weight =                    28.0140 kg/kmol
 -----------------------------------------------------------------------------------------------------
   Temperature       Cp             H             G            S             DH            DG         
       [K]       [cal/mol/K]    [kcal/mol]    [kcal/mol]  [cal/(mol-K)]  [kcal/mol]     [kcal/mol]    
 -----------------------------------------------------------------------------------------------------
     300.0000      6.9719        0.0148        -13.7293      45.8138       0.0139        -0.0916       
     600.0000      7.2004        2.1279        -28.2843      50.6870       2.1270        -14.6466      
     800.0000      7.5121        3.5986        -38.6417      52.8004       3.5978        -25.0039      
     1000.0000     7.8107        5.1317        -49.3780      54.5096       5.1308        -35.7402      
     1200.0000     8.0537        6.7191        -60.4282      55.9560       6.7182        -46.7904      
     1400.0000     8.2449        8.3497        -71.7478      57.2125       8.3488        -58.1100      
     1600.0000     8.3943        10.0142       -83.3035      58.3236       10.0134       -69.6657      
     1800.0000     8.5105        11.7052       -95.0695      59.3193       11.7044       -81.4318      
     2000.0000     8.6011        13.4168       -107.0250     60.2209       13.4159       -93.3872      
     2200.0000     8.6725        15.1444       -119.1527     61.0441       15.1435       -105.5149     
     2400.0000     8.7297        16.8848       -131.4382     61.8013       16.8839       -117.8004     
     2600.0000     8.7769        18.6356       -143.8694     62.5019       18.6348       -130.2316     
 -----------------------------------------------------------------------------------------------------


 ====================================================================================================
   THERMO TABLE FOR MOLECULE O2
 ====================================================================================================
   Elemental Composition:
     O 2.0000
   Formation Enthalpy at 298K =          -0.0037 kcal/mol
   Formation Free Gibbs Energy at 298K = -14.6040 kcal/mol
   Molecular Weight =                    31.9980 kg/kmol
 -----------------------------------------------------------------------------------------------------
   Temperature       Cp             H             G            S             DH            DG         
       [K]       [cal/mol/K]    [kcal/mol]    [kcal/mol]  [cal/(mol-K)]  [kcal/mol]     [kcal/mol]    
 -----------------------------------------------------------------------------------------------------
     300.0000      7.0098        0.0103        -14.7020      49.0411       0.0140        -0.0980       
     600.0000      7.6695        2.2105        -30.2483      54.0981       2.2142        -15.6443      
     800.0000      8.0492        3.7842        -41.3030      56.3590       3.7879        -26.6991      
     1000.0000     8.3310        5.4236        -52.7634      58.1870       5.4273        -38.1594      
     1200.0000     8.5383        7.1116        -64.5586      59.7252       7.1153        -49.9547      
     1400.0000     8.6937        8.8355        -76.6395      61.0536       8.8392        -62.0355      
     1600.0000     8.8161        10.5869       -88.9695      62.2227       10.5906       -74.3655      
     1800.0000     8.9205        12.3607       -101.5203     63.2673       12.3644       -86.9163      
     2000.0000     9.0182        14.1546       -114.2697     64.2122       14.1583       -99.6658      
     2200.0000     9.1168        15.9681       -127.1998     65.0763       15.9718       -112.5958     
     2400.0000     9.2202        17.8017       -140.2958     65.8740       17.8054       -125.6919     
     2600.0000     9.3287        19.6565       -153.5457     66.6162       19.6602       -138.9417     
 -----------------------------------------------------------------------------------------------------


 ====================================================================================================
   THERMO TABLE FOR MOLECULE H2
 ====================================================================================================
   Elemental Composition:
     H 2.0000
   Formation Enthalpy at 298K =          0.0017 kcal/mol
   Formation Free Gibbs Energy at 298K = -9.2989 kcal/mol
   Molecular Weight =                    2.0160 kg/kmol
 -----------------------------------------------------------------------------------------------------
   Temperature       Cp             H             G            S             DH            DG         
       [K]       [cal/mol/K]    [kcal/mol]    [kcal/mol]  [cal/(mol-K)]  [kcal/mol]     [kcal/mol]    
 -----------------------------------------------------------------------------------------------------
     300.0000      6.9011        0.0155        -9.3614       31.2561       0.0138        -0.0625       
     600.0000      7.0078        2.1061        -19.5434      36.0826       2.1045        -10.2445      
     800.0000      7.0853        3.5143        -26.9718      38.1077       3.5127        -17.6729      
     1000.0000     7.2222        4.9443        -34.7582      39.7025       4.9426        -25.4593      
     1200.0000     7.3992        6.4059        -42.8354      41.0344       6.4042        -33.5365      
     1400.0000     7.5981        7.9054        -51.1603      42.1898       7.9037        -41.8614      
     1600.0000     7.8039        9.4456        -59.7029      43.2178       9.4439        -50.4040      
     1800.0000     8.0050        11.0266       -68.4410      44.1487       11.0250       -59.1421      
     2000.0000     8.1926        12.6467       -77.3572      45.0019       12.6450       -68.0583      
     2200.0000     8.3614        14.3024       -86.4375      45.7909       14.3008       -77.1386      
     2400.0000     8.5092        15.9898       -95.6699      46.5249       15.9882       -86.3710      
     2600.0000     8.6369        17.7047       -105.0442     47.2111       17.7031       -95.7453      
 -----------------------------------------------------------------------------------------------------


 ====================================================================================================
   THERMO TABLE FOR MOLECULE H2O
 ====================================================================================================
   Elemental Composition:
     H 2.0000
     O 1.0000
   Formation Enthalpy at 298K =          -57.7897 kcal/mol
   Formation Free Gibbs Energy at 298K = -71.2309 kcal/mol
   Molecular Weight =                    18.0150 kg/kmol
 -----------------------------------------------------------------------------------------------------
   Temperature       Cp             H             G            S             DH            DG         
       [K]       [cal/mol/K]    [kcal/mol]    [kcal/mol]  [cal/(mol-K)]  [kcal/mol]     [kcal/mol]    
 -----------------------------------------------------------------------------------------------------
     300.0000      8.0442        -57.7736      -71.3212      45.1586       0.0161        -0.0903       
     600.0000      8.6683        -55.2770      -85.8184      50.9023       2.5127        -14.5875      
     800.0000      9.2461        -53.4868      -96.2655      53.4734       4.3029        -25.0346      
     1000.0000     9.8625        -51.5761      -107.1787     55.6027       6.2137        -35.9478      
     1200.0000     10.4614       -49.5430      -118.4882     57.4543       8.2467        -47.2573      
     1400.0000     11.0063       -47.3951      -130.1474     59.1087       10.3946       -58.9165      
     1600.0000     11.4799       -45.1453      -142.1216     60.6102       12.6444       -70.8906      
     1800.0000     11.8837       -42.8078      -154.3831     61.9863       14.9819       -83.1522      
     2000.0000     12.2273       -40.3958      -166.9090     63.2566       17.3939       -95.6781      
     2200.0000     12.5201       -37.9203      -179.6797     64.4361       19.8694       -108.4488     
     2400.0000     12.7703       -35.3906      -192.6782     65.5365       22.3991       -121.4473     
     2600.0000     12.9848       -32.8146      -205.8897     66.5673       24.9751       -134.6587     
 -----------------------------------------------------------------------------------------------------


 ====================================================================================================
   THERMO TABLE FOR MOLECULE H2O2
 ====================================================================================================
   Elemental Composition:
     H 2.0000
     O 2.0000
   Formation Enthalpy at 298K =          -32.5294 kcal/mol
   Formation Free Gibbs Energy at 298K = -49.1123 kcal/mol
   Molecular Weight =                    34.0140 kg/kmol
 -----------------------------------------------------------------------------------------------------
   Temperature       Cp             H             G            S             DH            DG         
       [K]       [cal/mol/K]    [kcal/mol]    [kcal/mol]  [cal/(mol-K)]  [kcal/mol]     [kcal/mol]    
 -----------------------------------------------------------------------------------------------------
     300.0000      10.3974       -32.5086      -49.2237      55.7168       0.0208        -0.1114       
     600.0000      13.1010       -28.9489      -67.2490      63.8335       3.5805        -18.1367      
     800.0000      14.2921       -26.2037      -80.4229      67.7740       6.3257        -31.3106      
     1000.0000     15.2065       -23.2503      -94.3157      71.0654       9.2791        -45.2034      
     1200.0000     15.9526       -20.1321      -108.8191     73.9058       12.3973       -59.7068      
     1400.0000     16.5767       -16.8773      -123.8559     76.4133       15.6521       -74.7436      
     1600.0000     17.0960       -13.5084      -139.3672     78.6617       19.0210       -90.2549      
     1800.0000     17.5248       -10.0450      -155.3067     80.7009       22.4844       -106.1944     
     2000.0000     17.8764       -6.5037       -171.6360     82.5662       26.0257       -122.5237     
     2200.0000     18.1629       -2.8987       -188.3233     84.2839       29.6307       -139.2110     
     2400.0000     18.3952       0.7579        -205.3411     85.8746       33.2873       -156.2288     
     2600.0000     18.5832       4.4564        -222.6658     87.3547       36.9858       -173.5535     
 -----------------------------------------------------------------------------------------------------


 ====================================================================================================
   THERMO TABLE FOR MOLECULE CO
 ====================================================================================================
   Elemental Composition:
     C 1.0000
     O 1.0000
   Formation Enthalpy at 298K =          -26.4171 kcal/mol
   Formation Free Gibbs Energy at 298K = -40.4855 kcal/mol
   Molecular Weight =                    28.0100 kg/kmol
 -----------------------------------------------------------------------------------------------------
   Temperature       Cp             H             G            S             DH            DG         
       [K]       [cal/mol/K]    [kcal/mol]    [kcal/mol]  [cal/(mol-K)]  [kcal/mol]     [kcal/mol]    
 -----------------------------------------------------------------------------------------------------
     300.0000      6.9700        -26.4032      -40.5800      47.2560       0.0139        -0.0945       
     600.0000      7.2797        -24.2778      -55.5704      52.1544       2.1394        -15.0849      
     800.0000      7.6204        -22.7878      -66.2240      54.2952       3.6293        -25.7385      
     1000.0000     7.9254        -21.2322      -77.2618      56.0296       5.1850        -36.7762      
     1200.0000     8.1634        -19.6222      -88.6181      57.4966       6.7949        -48.1326      
     1400.0000     8.3451        -17.9705      -100.2475     58.7692       8.4466        -59.7620      
     1600.0000     8.4828        -16.2871      -112.1159     59.8930       10.1300       -71.6304      
     1800.0000     8.5872        -14.5796      -124.1968     60.8984       11.8375       -83.7113      
     2000.0000     8.6672        -12.8539      -136.4689     61.8075       13.5633       -95.9834      
     2200.0000     8.7302        -11.1139      -148.9145     62.6366       15.3032       -108.4290     
     2400.0000     8.7817        -9.3625       -161.5191     63.3985       17.0546       -121.0335     
     2600.0000     8.8257        -7.6017       -174.2701     64.1032       18.8154       -133.7846     
 -----------------------------------------------------------------------------------------------------


 ====================================================================================================
   THERMO TABLE FOR MOLECULE CO2
 ====================================================================================================
   Elemental Composition:
     C 1.0000
     O 2.0000
   Formation Enthalpy at 298K =          -94.0577 kcal/mol
   Formation Free Gibbs Energy at 298K = -109.2766 kcal/mol
   Molecular Weight =                    44.0090 kg/kmol
 -----------------------------------------------------------------------------------------------------
   Temperature       Cp             H             G            S             DH            DG         
       [K]       [cal/mol/K]    [kcal/mol]    [kcal/mol]  [cal/(mol-K)]  [kcal/mol]     [kcal/mol]    
 -----------------------------------------------------------------------------------------------------
     300.0000      8.9085        -94.0399      -109.3788     51.1300       0.0178        -0.1022       
     600.0000      11.3163       -90.9734      -125.8445     58.1186       3.0843        -16.5679      
     800.0000      12.3125       -88.6041      -137.8199     61.5198       5.4536        -28.5432      
     1000.0000     12.9886       -86.0696      -150.4143     64.3447       7.9880        -41.1377      
     1200.0000     13.4551       -83.4226      -163.5303     66.7565       10.6351       -54.2537      
     1400.0000     13.7935       -80.6961      -177.0962     68.8572       13.3616       -67.8196      
     1600.0000     14.0566       -77.9101      -191.0572     70.7169       16.1476       -81.7806      
     1800.0000     14.2685       -75.0768      -205.3703     72.3853       18.9808       -96.0936      
     2000.0000     14.4374       -72.2056      -220.0009     73.8977       21.8521       -110.7243     
     2200.0000     14.5696       -69.3043      -234.9207     75.2802       24.7534       -125.6441     
     2400.0000     14.6714       -66.3797      -250.1057     76.5525       27.6779       -140.8290     
     2600.0000     14.7496       -63.4373      -265.5354     77.7300       30.6204       -156.2587     
 -----------------------------------------------------------------------------------------------------


 ====================================================================================================
   THERMO TABLE FOR MOLECULE O
 ====================================================================================================
   Elemental Composition:
     O 1.0000
   Formation Enthalpy at 298K =          59.5531 kcal/mol
   Formation Free Gibbs Energy at 298K = 48.0918 kcal/mol
   Molecular Weight =                    15.9990 kg/kmol
 -----------------------------------------------------------------------------------------------------
   Temperature       Cp             H             G            S             DH            DG         
       [K]       [cal/mol/K]    [kcal/mol]    [kcal/mol]  [cal/(mol-K)]  [kcal/mol]     [kcal/mol]    
 -----------------------------------------------------------------------------------------------------
     300.0000      5.2313        59.5635       48.0149       38.4955       0.0105        -0.0770       
     600.0000      5.0456        61.0985       35.8689       42.0493       1.5454        -12.2230      
     800.0000      5.0148        62.1040       27.3073       43.4959       2.5509        -20.7846      
     1000.0000     5.0006        63.1054       18.4921       44.6133       3.5523        -29.5997      
     1200.0000     4.9903        64.1044       9.4756        45.5240       4.5514        -38.6162      
     1400.0000     4.9830        65.1017       0.2919        46.2927       5.5486        -47.7999      
     1600.0000     4.9782        66.0978       -9.0346       46.9577       6.5447        -57.1264      
     1800.0000     4.9758        67.0932       -18.4859      47.5439       7.5401        -66.5778      
     2000.0000     4.9755        68.0882       -28.0480      48.0681       8.5352        -76.1399      
     2200.0000     4.9772        69.0835       -37.7098      48.5424       9.5304        -85.8017      
     2400.0000     4.9810        70.0793       -47.4623      48.9756       10.5262       -95.5541      
     2600.0000     4.9867        71.0760       -57.2978      49.3745       11.5229       -105.3897     
 -----------------------------------------------------------------------------------------------------


 ====================================================================================================
   THERMO TABLE FOR MOLECULE H
 ====================================================================================================
   Elemental Composition:
     H 1.0000
   Formation Enthalpy at 298K =          52.0924 kcal/mol
   Formation Free Gibbs Energy at 298K = 43.9314 kcal/mol
   Molecular Weight =                    1.0080 kg/kmol
 -----------------------------------------------------------------------------------------------------
   Temperature       Cp             H             G            S             DH            DG         
       [K]       [cal/mol/K]    [kcal/mol]    [kcal/mol]  [cal/(mol-K)]  [kcal/mol]     [kcal/mol]    
 -----------------------------------------------------------------------------------------------------
     300.0000      4.9675        52.1024       43.8766       27.4193       0.0099        -0.0548       
     600.0000      4.9675        53.5926       35.0751       30.8625       1.5002        -8.8563       
     800.0000      4.9675        54.5861       28.7529       32.2916       2.4937        -15.1785      
     1000.0000     4.9675        55.5796       22.1796       33.4000       3.4872        -21.7518      
     1200.0000     4.9675        56.5731       15.4063       34.3057       4.4807        -28.5251      
     1400.0000     4.9675        57.5666       8.4666        35.0714       5.4742        -35.4648      
     1600.0000     4.9675        58.5601       1.3845        35.7348       6.4677        -42.5469      
     1800.0000     4.9675        59.5536       -5.8221       36.3198       7.4612        -49.7535      
     2000.0000     4.9675        60.5471       -13.1393      36.8432       8.4547        -57.0707      
     2200.0000     4.9675        61.5406       -20.5561      37.3167       9.4482        -64.4875      
     2400.0000     4.9675        62.5341       -28.0633      37.7489       10.4417       -71.9947      
     2600.0000     4.9675        63.5276       -35.6534      38.1465       11.4352       -79.5847      
 -----------------------------------------------------------------------------------------------------


 ====================================================================================================
   THERMO TABLE FOR MOLECULE OH
 ====================================================================================================
   Elemental Composition:
     H 1.0000
     O 1.0000
   Formation Enthalpy at 298K =          8.9100 kcal/mol
   Formation Free Gibbs Energy at 298K = -4.1805 kcal/mol
   Molecular Weight =                    17.0070 kg/kmol
 -----------------------------------------------------------------------------------------------------
   Temperature       Cp             H             G            S             DH            DG         
       [K]       [cal/mol/K]    [kcal/mol]    [kcal/mol]  [cal/(mol-K)]  [kcal/mol]     [kcal/mol]    
 -----------------------------------------------------------------------------------------------------
     300.0000      6.9466        8.9239        -4.2684       43.9744       0.0139        -0.0879       
     600.0000      7.0802        11.0278       -18.2704      48.8303       2.1178        -14.0898      
     800.0000      7.1957        12.4548       -28.2509      50.8821       3.5448        -24.0703      
     1000.0000     7.3469        13.9085       -38.5949      52.5034       4.9985        -34.4144      
     1200.0000     7.5218        15.3951       -49.2346      53.8581       6.4851        -45.0541      
     1400.0000     7.7061        16.9179       -60.1261      55.0314       8.0079        -55.9456      
     1600.0000     7.8880        18.4774       -71.2384      56.0724       9.5674        -67.0579      
     1800.0000     8.0581        20.0723       -82.5483      57.0114       11.1623       -78.3678      
     2000.0000     8.2098        21.6994       -94.0375      57.8685       12.7894       -89.8570      
     2200.0000     8.3386        23.3547       -105.6911     58.6572       14.4447       -101.5106     
     2400.0000     8.4430        25.0332       -117.4965     59.3874       16.1232       -113.3160     
     2600.0000     8.5237        26.7303       -129.4427     60.0665       17.8203       -125.2622     
 -----------------------------------------------------------------------------------------------------


 ====================================================================================================
   THERMO TABLE FOR MOLECULE HO2
 ====================================================================================================
   Elemental Composition:
     H 1.0000
     O 2.0000
   Formation Enthalpy at 298K =          2.9945 kcal/mol
   Formation Free Gibbs Energy at 298K = -13.3181 kcal/mol
   Molecular Weight =                    33.0060 kg/kmol
 -----------------------------------------------------------------------------------------------------
   Temperature       Cp             H             G            S             DH            DG         
       [K]       [cal/mol/K]    [kcal/mol]    [kcal/mol]  [cal/(mol-K)]  [kcal/mol]     [kcal/mol]    
 -----------------------------------------------------------------------------------------------------
     300.0000      8.2850        3.0111        -13.4276      54.7956       0.0166        -0.1095       
     600.0000      9.9740        5.7684        -30.8909      61.0987       2.7738        -17.5728      
     800.0000      10.7598       7.8453        -43.4193      64.0808       4.8508        -30.1013      
     1000.0000     11.3695       10.0606       -56.4893      66.5499       7.0661        -43.1713      
     1200.0000     11.8650       12.3855       -70.0160      68.6680       9.3910        -56.6980      
     1400.0000     12.2896       14.8019       -83.9395      70.5295       11.8074       -70.6214      
     1600.0000     12.6683       17.2983       -98.2149      72.1957       14.3038       -84.8968      
     1800.0000     13.0101       19.8668       -112.8075     73.7079       16.8722       -99.4895      
     2000.0000     13.3176       22.5001       -127.6897     75.0949       19.5056       -114.3716     
     2200.0000     13.5930       25.1917       -142.8385     76.3774       22.1971       -129.5205     
     2400.0000     13.8378       27.9353       -158.2347     77.5708       24.9407       -144.9167     
     2600.0000     14.0529       30.7248       -173.8617     78.6871       27.7303       -160.5437     
 -----------------------------------------------------------------------------------------------------


 ====================================================================================================
   THERMO TABLE FOR MOLECULE HCO
 ====================================================================================================
   Elemental Composition:
     C 1.0000
     H 1.0000
     O 1.0000
   Formation Enthalpy at 298K =          10.3985 kcal/mol
   Formation Free Gibbs Energy at 298K = -5.5907 kcal/mol
   Molecular Weight =                    29.0180 kg/kmol
 -----------------------------------------------------------------------------------------------------
   Temperature       Cp             H             G            S             DH            DG         
       [K]       [cal/mol/K]    [kcal/mol]    [kcal/mol]  [cal/(mol-K)]  [kcal/mol]     [kcal/mol]    
 -----------------------------------------------------------------------------------------------------
     300.0000      8.2661        10.4150       -5.6980       53.7102       0.0165        -0.1074       
     600.0000      9.7950        13.1210       -22.8197      59.9010       2.7224        -17.2290      
     800.0000      10.7345       15.1768       -35.1045      62.8517       4.7783        -29.5139      
     1000.0000     11.4754       17.4012       -47.9292      65.3304       7.0027        -42.3385      
     1200.0000     12.0296       19.7545       -61.2145      67.4741       9.3560        -55.6238      
     1400.0000     12.4383       22.2034       -74.9018      69.3608       11.8049       -69.3111      
     1600.0000     12.7376       24.7225       -88.9452      71.0423       14.3240       -83.3545      
     1800.0000     12.9584       27.2932       -103.3075     72.5560       16.8947       -97.7169      
     2000.0000     13.1256       29.9023       -117.9583     73.9303       19.5038       -112.3676     
     2200.0000     13.2591       32.5412       -132.8718     75.1878       22.1427       -127.2812     
     2400.0000     13.3729       35.2047       -148.0268     76.3464       24.8062       -142.4361     
     2600.0000     13.4755       37.8896       -163.4048     77.4209       27.4911       -157.8142     
 -----------------------------------------------------------------------------------------------------


