 ----------------------------------------------------------------------------------------------------------------------------------------------------------------------------------------------------------------------------------------------------------
                     SPECIFIC HEAT COEFFICIENTS                                                                     

             Cp = A + B*T + C*T^2 + D*T^3 + E*T^4  [J/kg/K]                                                         

    Species                      Cp(298K)         Cp(1000K)          LT-HT            A(LT)            B(LT)            C(LT)            D(LT)            E(LT)             A(HT)           B(HT)            C(HT)            D(HT)           E(HT)      
 ----------------------------------------------------------------------------------------------------------------------------------------------------------------------------------------------------------------------------------------------------------

    1. HE                      5.192645e+003    5.192645e+003    1.490000e+003    5.192645e+003   -8.463079e-012    1.243176e-014   -7.125866e-018    1.401548e-021    5.192645e+003    1.537721e-011   -1.156854e-014    3.612520e-018   -4.001944e-022
    2. AR                      5.203303e+002    5.203303e+002    1.490000e+003    5.203303e+002   -8.480450e-013    1.245727e-015   -7.140492e-019    1.404425e-022    5.203303e+002    1.540877e-012   -1.159228e-015    3.619935e-019   -4.010159e-023
    3. N2                      1.041476e+003    1.166673e+003    1.050000e+003    1.143621e+003   -7.243422e-001    1.588338e-003   -1.114793e-006    2.738496e-010    8.051735e+002    5.649814e-001   -2.535527e-004    5.466132e-008   -4.591919e-012
    4. O2                      9.161880e+002    1.089452e+003    7.600000e+002    8.991486e+002   -2.299641e-001    1.338923e-003   -1.405004e-006    4.880103e-010    7.321099e+002    6.491870e-001   -3.962440e-004    1.170717e-007   -1.267262e-011
    5. H2                      1.432041e+004    1.499044e+004    7.500000e+002    1.273837e+004    1.047428e+001   -2.363155e-002    2.357834e-005   -8.201704e-009    1.538798e+004   -3.656987e+000    4.630978e-003   -1.543907e-006    1.723781e-010
    6. H2O                     1.867869e+003    2.290815e+003    1.590000e+003    1.862416e+003   -3.173295e-001    1.322880e-003   -6.948443e-007    1.176933e-010    1.065859e+003    1.686587e+000   -5.676074e-004    9.781282e-008   -6.938341e-012
    7. H2O2                    1.276235e+003    1.870722e+003    1.180000e+003    7.135183e+002    2.425839e+000   -2.093740e-003    1.035797e-006   -2.106923e-010    1.115056e+003    1.064695e+000   -3.634727e-004    5.824461e-008   -3.583778e-012
    8. CO                      1.041247e+003    1.183976e+003    1.000000e+003    1.133602e+003   -7.144838e-001    1.707498e-003   -1.272341e-006    3.297004e-010    7.972949e+002    6.307426e-001   -3.103411e-004    7.288553e-008   -6.606183e-012
    9. CO2                     8.450501e+002    1.234970e+003    1.620000e+003    4.626672e+002    1.614558e+000   -1.247991e-003    4.775475e-007   -7.181080e-011    9.594268e+002    3.879907e-001   -1.122811e-004    1.017700e-008    3.142731e-013
   10. O                       1.368815e+003    1.307883e+003    9.500000e+002    1.534116e+003   -8.754592e-001    1.329866e-003   -9.228303e-007    2.421920e-010    1.337248e+003   -4.654363e-002    2.105230e-005   -4.364392e-009    4.903875e-013
   11. H                       2.062119e+004    2.062119e+004    1.490000e+003    2.062119e+004   -3.360883e-011    4.936937e-014   -2.829845e-017    5.565870e-021    2.062119e+004    6.106644e-011   -4.594131e-014    1.434615e-017   -1.589264e-021
   12. OH                      1.708917e+003    1.807650e+003    8.800000e+002    1.652406e+003    2.999017e-001   -5.204874e-004    5.597203e-007   -1.839322e-010    1.772395e+003   -2.455009e-001    4.091762e-004   -1.445703e-007    1.615033e-011
   13. HO2                     1.048587e+003    1.441406e+003    1.540000e+003    7.185447e+002    1.360949e+000   -9.585967e-004    3.810560e-007   -6.054705e-011    1.048737e+003    5.033070e-001   -1.232312e-004    1.942593e-008   -1.840870e-012
   14. HCO                     1.190656e+003    1.654761e+003    9.200000e+002    1.072241e+003    7.903698e-003    1.765867e-003   -1.688158e-006    4.969283e-010    7.013399e+002    1.620517e+000   -8.633928e-004    2.171028e-007   -2.080563e-011

 ----------------------------------------------------------------------------------------------------------------------------------------------------------------------------------------------------------------------------------------------------------


 -------------------------------------------------------------------------------------------------------------------------------------------------------------------------------------------------------------------------------------------------------------------------------------------
                           ENTHALPY COEFFICIENTS                                                                     

             H/(RT) = A + B*T + C*T^2 + D*T^3 + E*T^4 + F/T  [-]                                                         

    Species                   H(298K)[J/kmol]  H(1000K)[J/kmol]      LT-HT            A(LT)            B(LT)            C(LT)            D(LT)            E(LT)           F(LT)             A(HT)            B(HT)            C(HT)           D(HT)             E(HT)            F(HT)      
 -------------------------------------------------------------------------------------------------------------------------------------------------------------------------------------------------------------------------------------------------------------------------------------------

    1. HE                     -3.117923e+003    1.458876e+007    1.490000e+003    2.500000e+000   -2.037276e-015    1.995091e-018   -8.576875e-022    1.349551e-025   -7.453750e+002    2.500000e+000    3.701681e-015   -1.856558e-018    4.348122e-022   -3.853474e-026   -7.453750e+002
    2. AR                     -3.117923e+003    1.458876e+007    1.490000e+003    2.500000e+000   -2.037276e-015    1.995091e-018   -8.576875e-022    1.349551e-025   -7.453750e+002    2.500000e+000    3.701681e-015   -1.856558e-018    4.348122e-022   -3.853474e-026   -7.453750e+002
    3. N2                      3.604168e+003    2.147322e+007    1.050000e+003    3.853213e+000   -1.220267e-003    1.783868e-006   -9.390210e-010    1.845369e-013   -1.079696e+003    2.712879e+000    9.517988e-004   -2.847659e-007    4.604273e-011   -3.094320e-015   -8.402253e+002
    4. O2                     -1.547415e+004    2.269478e+007    7.600000e+002    3.460351e+000   -4.425056e-004    1.717604e-006   -1.351781e-009    3.756191e-013   -1.029426e+003    2.817506e+000    1.249190e-003   -5.083117e-007    1.126369e-010   -9.754056e-015   -9.317134e+002
    5. H2                      6.914890e+003    2.068889e+007    7.500000e+002    3.088660e+000    1.269844e-003   -1.909973e-006    1.429255e-009   -3.977319e-013   -9.921481e+002    3.731109e+000   -4.433531e-004    3.742897e-007   -9.358745e-011    8.359273e-015   -1.088515e+003
    6. H2O                    -2.418170e+008   -2.158164e+008    1.590000e+003    4.035309e+000   -3.437799e-004    9.554307e-007   -3.763809e-010    5.100136e-014   -3.027833e+004    2.309405e+000    1.827169e-003   -4.099462e-007    5.298292e-011   -3.006670e-015   -2.972949e+004
    7. H2O2                   -1.361170e+008   -9.728930e+007    1.180000e+003    2.918964e+000    4.961986e-003   -2.855125e-006    1.059347e-009   -1.723861e-013   -1.761400e+004    4.561631e+000    2.177805e-003   -4.956488e-007    5.956886e-011   -2.932207e-015   -1.800167e+004
    8. CO                     -1.105406e+008   -8.884453e+007    1.000000e+003    3.818909e+000   -1.203487e-003    1.917423e-006   -1.071575e-009    2.221408e-013   -1.436895e+004    2.685950e+000    1.062432e-003   -3.484954e-007    6.138472e-011   -4.451020e-015   -1.414236e+004
    9. CO2                    -3.935777e+008   -3.601524e+008    1.620000e+003    2.448928e+000    4.272981e-003   -2.201900e-006    6.319226e-010   -7.601987e-014   -4.839229e+004    5.078310e+000    1.026830e-003   -1.981038e-007    1.346688e-011    3.326937e-016   -4.924421e+004
   10. O                       2.491957e+008    2.640601e+008    9.500000e+002    2.952003e+000   -8.422957e-004    8.529928e-007   -4.439362e-010    9.320697e-014    2.914717e+004    2.573184e+000   -4.478050e-005    1.350321e-008   -2.099532e-012    1.887244e-016    2.921914e+004
   11. H                       2.179771e+008    2.325690e+008    1.490000e+003    2.500000e+000   -2.037276e-015    1.995091e-018   -8.576875e-022    1.349551e-025    2.547162e+004    2.500000e+000    3.701681e-015   -1.856558e-018    4.348122e-022   -3.853474e-026    2.547162e+004
   12. OH                      3.728329e+007    5.819930e+007    8.800000e+002    3.379951e+000    3.067203e-004   -3.548808e-007    2.862230e-010   -7.524564e-014    3.456997e+003    3.625384e+000   -2.510826e-004    2.789862e-007   -7.392863e-011    6.607010e-015    3.413801e+003
   13. HO2                     1.253037e+007    4.209779e+007    1.540000e+003    2.852414e+000    2.701286e-003   -1.268450e-006    3.781704e-010   -4.807084e-014    4.478511e+002    4.163181e+000    9.989913e-004   -1.630640e-007    1.927883e-011   -1.461544e-015    4.413489e+001
   14. HCO                     4.351183e+007    7.281420e+007    9.200000e+002    3.742189e+000    1.379220e-005    2.054330e-006   -1.472945e-009    3.468623e-013    4.073310e+003    2.447721e+000    2.827853e-003   -1.004432e-006    1.894256e-010   -1.452259e-014    4.311492e+003

 -------------------------------------------------------------------------------------------------------------------------------------------------------------------------------------------------------------------------------------------------------------------------------------------


 -------------------------------------------------------------------------------------------------------------------------------------------------------------------------------------------------------------------------------------------------------------------------------------------
                             ENTROPY COEFFICIENTS                                                                     

             S/R = A*lnT + B*T + C*T^2 + D*T^3 + E*T^4 + F  [-]                                                         

    Species                 S(298K)[J/kmol/K] S(1000K)[J/kmol/K]     LT-HT            A(LT)            B(LT)            C(LT)            D(LT)            E(LT)           F(LT)             A(HT)            B(HT)            C(HT)           D(HT)             E(HT)            F(HT)      
 -------------------------------------------------------------------------------------------------------------------------------------------------------------------------------------------------------------------------------------------------------------------------------------------

    1. HE                      1.261425e+005    1.513075e+005    1.490000e+003    2.500000e+000   -4.074552e-015    2.992636e-018   -1.143583e-021    1.686939e-025    9.287240e-001    2.500000e+000    7.403362e-015   -2.784837e-018    5.797496e-022   -4.816843e-026    9.287240e-001
    2. AR                      1.547216e+005    1.798866e+005    1.490000e+003    2.500000e+000   -4.074552e-015    2.992636e-018   -1.143583e-021    1.686939e-025    4.366000e+000    2.500000e+000    7.403362e-015   -2.784837e-018    5.797496e-022   -4.816843e-026    4.366000e+000
    3. N2                      1.915097e+005    2.280918e+005    1.050000e+003    3.853213e+000   -2.440533e-003    2.675802e-006   -1.252028e-009    2.306711e-013    1.602174e+000    2.712879e+000    1.903598e-003   -4.271488e-007    6.139031e-011   -3.867900e-015    7.159266e+000
    4. O2                      2.050128e+005    2.434794e+005    7.600000e+002    3.460351e+000   -8.850111e-004    2.576405e-006   -1.802375e-009    4.695239e-013    5.022361e+000    2.817506e+000    2.498380e-003   -7.624676e-007    1.501825e-010   -1.219257e-014    7.947293e+000
    5. H2                      1.305958e+005    1.661323e+005    7.500000e+002    3.088660e+000    2.539688e-003   -2.864960e-006    1.905673e-009   -4.971649e-013   -2.438235e+000    3.731109e+000   -8.867062e-004    5.614345e-007   -1.247833e-010    1.044909e-014   -5.352859e+000
    6. H2O                     1.887377e+005    2.326655e+005    1.590000e+003    4.035309e+000   -6.875598e-004    1.433146e-006   -5.018412e-010    6.375170e-014   -1.992016e-001    2.309405e+000    3.654339e-003   -6.149194e-007    7.064389e-011   -3.758337e-015    8.927652e+000
    7. H2O2                    2.328524e+005    2.973680e+005    1.180000e+003    2.918964e+000    9.923973e-003   -4.282687e-006    1.412462e-009   -2.154826e-013    8.763402e+000    4.561631e+000    4.355610e-003   -7.434731e-007    7.942514e-011   -3.665259e-015    5.665971e-001
    8. CO                      1.975443e+005    2.344519e+005    1.000000e+003    3.818909e+000   -2.406973e-003    2.876135e-006   -1.428766e-009    2.776760e-013    2.499921e+000    2.685950e+000    2.124864e-003   -5.227430e-007    8.184629e-011   -5.563775e-015    7.965794e+000
    9. CO2                     2.137007e+005    2.692457e+005    1.620000e+003    2.448928e+000    8.545961e-003   -3.302851e-006    8.425635e-010   -9.502483e-014    9.475577e+000    5.078310e+000    2.053660e-003   -2.971556e-007    1.795584e-011    4.158671e-016   -4.478153e+000
   10. O                       1.609353e+005    1.866811e+005    9.500000e+002    2.952003e+000   -1.684591e-003    1.279489e-006   -5.919149e-010    1.165087e-013    2.941365e+000    2.573184e+000   -8.956100e-005    2.025482e-008   -2.799376e-012    2.359055e-016    4.749520e+000
   11. H                       1.145950e+005    1.397600e+005    1.490000e+003    2.500000e+000   -4.074552e-015    2.992636e-018   -1.143583e-021    1.686939e-025   -4.601176e-001    2.500000e+000    7.403362e-015   -2.784837e-018    5.797496e-022   -4.816843e-026   -4.601176e-001
   12. OH                      1.838135e+005    2.196969e+005    8.800000e+002    3.379951e+000    6.134405e-004   -5.323212e-007    3.816307e-010   -9.405705e-014    2.706894e+000    3.625384e+000   -5.021653e-004    4.184792e-007   -9.857151e-011    8.258762e-015    1.554194e+000
   13. HO2                     2.290566e+005    2.784734e+005    1.540000e+003    2.852414e+000    5.402572e-003   -1.902675e-006    5.042272e-010   -6.008855e-014    9.844838e+000    4.163181e+000    1.997983e-003   -2.445960e-007    2.570511e-011   -1.826930e-015    2.955180e+000
   14. HCO                     2.245153e+005    2.733706e+005    9.200000e+002    3.742189e+000    2.758441e-005    3.081494e-006   -1.963926e-009    4.335778e-013    5.450071e+000    2.447721e+000    5.655706e-003   -1.506648e-006    2.525675e-010   -1.815324e-014    1.158720e+001

 -------------------------------------------------------------------------------------------------------------------------------------------------------------------------------------------------------------------------------------------------------------------------------------------


